<?xml version="1.0" encoding="UTF-8"?>
<testsuite name="io.spring.application.article.ArticleQueryServiceTest" tests="9" skipped="0" failures="0" errors="0" timestamp="2025-01-19T18:16:04" hostname="Siddharthas-MacBook-Air.local" time="0.216">
  <properties/>
  <testcase name="should_query_article_by_author()" classname="io.spring.application.article.ArticleQueryServiceTest" time="0.111"/>
  <testcase name="should_query_article_by_tag()" classname="io.spring.application.article.ArticleQueryServiceTest" time="0.014"/>
  <testcase name="should_get_user_feed()" classname="io.spring.application.article.ArticleQueryServiceTest" time="0.013"/>
  <testcase name="should_get_article_with_right_favorite_and_favorite_count()" classname="io.spring.application.article.ArticleQueryServiceTest" time="0.012"/>
  <testcase name="should_fetch_article_success()" classname="io.spring.application.article.ArticleQueryServiceTest" time="0.007"/>
  <testcase name="should_get_default_article_list()" classname="io.spring.application.article.ArticleQueryServiceTest" time="0.011"/>
  <testcase name="should_show_following_if_user_followed_author()" classname="io.spring.application.article.ArticleQueryServiceTest" time="0.009"/>
  <testcase name="should_query_article_by_favorite()" classname="io.spring.application.article.ArticleQueryServiceTest" time="0.009"/>
  <testcase name="should_get_default_article_list_by_cursor()" classname="io.spring.application.article.ArticleQueryServiceTest" time="0.025"/>
  <system-out><![CDATA[2025-01-19 23:46:03.598  INFO 51142 --- [    Test worker] m.s.b.t.a.MybatisTestContextBootstrapper : Neither @ContextConfiguration nor @ContextHierarchy found for test class [io.spring.application.article.ArticleQueryServiceTest], using SpringBootContextLoader
2025-01-19 23:46:03.600  INFO 51142 --- [    Test worker] o.s.t.c.support.AbstractContextLoader    : Could not detect default resource locations for test class [io.spring.application.article.ArticleQueryServiceTest]: no resource found for suffixes {-context.xml, Context.groovy}.
2025-01-19 23:46:03.600  INFO 51142 --- [    Test worker] t.c.s.AnnotationConfigContextLoaderUtils : Could not detect default configuration classes for test class [io.spring.application.article.ArticleQueryServiceTest]: ArticleQueryServiceTest does not declare any static, non-private, non-final, nested classes annotated with @Configuration.
2025-01-19 23:46:03.614  INFO 51142 --- [    Test worker] .b.t.c.SpringBootTestContextBootstrapper : Found @SpringBootConfiguration io.spring.RealWorldApplication for test class io.spring.application.article.ArticleQueryServiceTest
2025-01-19 23:46:03.615  INFO 51142 --- [    Test worker] m.s.b.t.a.MybatisTestContextBootstrapper : Loaded default TestExecutionListener class names from location [META-INF/spring.factories]: [org.springframework.security.test.context.support.WithSecurityContextTestExecutionListener, org.springframework.security.test.context.support.ReactorContextTestExecutionListener, org.springframework.boot.test.autoconfigure.restdocs.RestDocsTestExecutionListener, org.springframework.boot.test.autoconfigure.web.client.MockRestServiceServerResetTestExecutionListener, org.springframework.boot.test.autoconfigure.web.servlet.MockMvcPrintOnlyOnFailureTestExecutionListener, org.springframework.boot.test.autoconfigure.web.servlet.WebDriverTestExecutionListener, org.springframework.boot.test.autoconfigure.webservices.client.MockWebServiceServerTestExecutionListener, org.springframework.boot.test.mock.mockito.MockitoTestExecutionListener, org.springframework.boot.test.mock.mockito.ResetMocksTestExecutionListener, org.springframework.test.context.web.ServletTestExecutionListener, org.springframework.test.context.support.DirtiesContextBeforeModesTestExecutionListener, org.springframework.test.context.event.ApplicationEventsTestExecutionListener, org.springframework.test.context.support.DependencyInjectionTestExecutionListener, org.springframework.test.context.support.DirtiesContextTestExecutionListener, org.springframework.test.context.transaction.TransactionalTestExecutionListener, org.springframework.test.context.jdbc.SqlScriptsTestExecutionListener, org.springframework.test.context.event.EventPublishingTestExecutionListener]
2025-01-19 23:46:03.615  INFO 51142 --- [    Test worker] m.s.b.t.a.MybatisTestContextBootstrapper : Using TestExecutionListeners: [org.springframework.test.context.web.ServletTestExecutionListener@76600c90, org.springframework.test.context.support.DirtiesContextBeforeModesTestExecutionListener@64f0271e, org.springframework.test.context.event.ApplicationEventsTestExecutionListener@1222d0e4, org.springframework.boot.test.mock.mockito.MockitoTestExecutionListener@7746ae18, org.springframework.boot.test.autoconfigure.SpringBootDependencyInjectionTestExecutionListener@1b438ec, org.springframework.test.context.support.DirtiesContextTestExecutionListener@64992713, org.springframework.test.context.transaction.TransactionalTestExecutionListener@60386e94, org.springframework.test.context.jdbc.SqlScriptsTestExecutionListener@22cc2ae5, org.springframework.security.test.context.support.WithSecurityContextTestExecutionListener@21f0508, org.springframework.test.context.event.EventPublishingTestExecutionListener@2f930be7, org.springframework.security.test.context.support.ReactorContextTestExecutionListener@cfc9c4f, org.springframework.boot.test.autoconfigure.restdocs.RestDocsTestExecutionListener@4f241437, org.springframework.boot.test.autoconfigure.web.client.MockRestServiceServerResetTestExecutionListener@35697f9e, org.springframework.boot.test.autoconfigure.web.servlet.MockMvcPrintOnlyOnFailureTestExecutionListener@29296e7, org.springframework.boot.test.autoconfigure.web.servlet.WebDriverTestExecutionListener@6ae47c1e, org.springframework.boot.test.autoconfigure.webservices.client.MockWebServiceServerTestExecutionListener@58e48d9, org.springframework.boot.test.mock.mockito.ResetMocksTestExecutionListener@7be55279]

  .   ____          _            __ _ _
 /\\ / ___'_ __ _ _(_)_ __  __ _ \ \ \ \
( ( )\___ | '_ | '_| | '_ \/ _` | \ \ \ \
 \\/  ___)| |_)| | | | | || (_| |  ) ) ) )
  '  |____| .__|_| |_|_| |_\__, | / / / /
 =========|_|==============|___/=/_/_/_/
 :: Spring Boot ::                (v2.6.3)

2025-01-19 23:46:03.637  INFO 51142 --- [    Test worker] i.s.a.article.ArticleQueryServiceTest    : Starting ArticleQueryServiceTest using Java 11.0.25 on Siddharthas-MacBook-Air.local with PID 51142 (started by siddhuseelam in /Users/siddhuseelam/spring-boot-realworld-example-app-1)
2025-01-19 23:46:03.637  INFO 51142 --- [    Test worker] i.s.a.article.ArticleQueryServiceTest    : The following profiles are active: test
2025-01-19 23:46:03.999  INFO 51142 --- [    Test worker] com.zaxxer.hikari.HikariDataSource       : HikariPool-2 - Starting...
2025-01-19 23:46:04.000  INFO 51142 --- [    Test worker] com.zaxxer.hikari.HikariDataSource       : HikariPool-2 - Start completed.
2025-01-19 23:46:04.000  INFO 51142 --- [    Test worker] o.f.c.internal.license.VersionPrinter    : Flyway Community Edition 8.0.5 by Redgate
2025-01-19 23:46:04.000  INFO 51142 --- [    Test worker] o.f.c.i.database.base.BaseDatabaseType   : Database: jdbc:sqlite::memory: (SQLite 3.36)
2025-01-19 23:46:04.002  INFO 51142 --- [    Test worker] o.f.core.internal.command.DbValidate     : Successfully validated 1 migration (execution time 00:00.000s)
2025-01-19 23:46:04.003  INFO 51142 --- [    Test worker] o.f.c.i.s.JdbcTableSchemaHistory         : Creating Schema History table "main"."flyway_schema_history" ...
2025-01-19 23:46:04.005  INFO 51142 --- [    Test worker] o.f.core.internal.command.DbMigrate      : Current version of schema "main": << Empty Schema >>
2025-01-19 23:46:04.009  INFO 51142 --- [    Test worker] o.f.core.internal.command.DbMigrate      : Migrating schema "main" to version "1 - create tables"
2025-01-19 23:46:04.013  INFO 51142 --- [    Test worker] o.f.core.internal.command.DbMigrate      : Successfully applied 1 migration to schema "main", now at version v1 (execution time 00:00.008s)
2025-01-19 23:46:04.054  INFO 51142 --- [    Test worker] i.s.a.article.ArticleQueryServiceTest    : Started ArticleQueryServiceTest in 0.435 seconds (JVM running for 15.196)
2025-01-19 23:46:04.073  INFO 51142 --- [    Test worker] o.s.t.c.transaction.TransactionContext   : Began transaction (1) for test context [DefaultTestContext@c1b96e6 testClass = ArticleQueryServiceTest, testInstance = io.spring.application.article.ArticleQueryServiceTest@69f4143, testMethod = should_query_article_by_author@ArticleQueryServiceTest, testException = [null], mergedContextConfiguration = [MergedContextConfiguration@31df0ce3 testClass = ArticleQueryServiceTest, locations = '{}', classes = '{class io.spring.RealWorldApplication}', contextInitializerClasses = '[]', activeProfiles = '{test}', propertySourceLocations = '{}', propertySourceProperties = '{org.mybatis.spring.boot.test.autoconfigure.MybatisTestContextBootstrapper=true}', contextCustomizers = set[org.springframework.boot.test.autoconfigure.OverrideAutoConfigurationContextCustomizerFactory$DisableAutoConfigurationContextCustomizer@1ed0128b, org.springframework.boot.test.autoconfigure.actuate.metrics.MetricsExportContextCustomizerFactory$DisableMetricExportContextCustomizer@62e70ea3, org.springframework.boot.test.autoconfigure.filter.TypeExcludeFiltersContextCustomizer@351584c0, org.springframework.boot.test.autoconfigure.properties.PropertyMappingContextCustomizer@d158b0f5, org.springframework.boot.test.autoconfigure.web.servlet.WebDriverContextCustomizerFactory$Customizer@180e6ac4, [ImportsContextCustomizer@530aaa86 key = [org.springframework.boot.test.autoconfigure.jdbc.TestDatabaseAutoConfiguration, org.springframework.boot.autoconfigure.jdbc.DataSourceAutoConfiguration, org.springframework.boot.autoconfigure.cache.CacheAutoConfiguration, org.springframework.boot.autoconfigure.flyway.FlywayAutoConfiguration, org.springframework.boot.autoconfigure.jdbc.DataSourceTransactionManagerAutoConfiguration, org.springframework.boot.autoconfigure.jdbc.JdbcTemplateAutoConfiguration, org.springframework.boot.autoconfigure.liquibase.LiquibaseAutoConfiguration, org.springframework.boot.autoconfigure.transaction.TransactionAutoConfiguration, org.springframework.boot.autoconfigure.sql.init.SqlInitializationAutoConfiguration, org.mybatis.spring.boot.autoconfigure.MybatisLanguageDriverAutoConfiguration, org.mybatis.spring.boot.autoconfigure.MybatisAutoConfiguration, io.spring.application.ArticleQueryService, io.spring.infrastructure.repository.MyBatisUserRepository, io.spring.infrastructure.repository.MyBatisArticleRepository, io.spring.infrastructure.repository.MyBatisArticleFavoriteRepository]], org.springframework.boot.test.context.filter.ExcludeFilterContextCustomizer@2a39fe6a, org.springframework.boot.test.json.DuplicateJsonObjectContextCustomizerFactory$DuplicateJsonObjectContextCustomizer@d5ae57e, org.springframework.boot.test.mock.mockito.MockitoContextCustomizer@0, org.springframework.boot.test.context.SpringBootTestArgs@1, org.springframework.boot.test.context.SpringBootTestWebEnvironment@0], contextLoader = 'org.springframework.boot.test.context.SpringBootContextLoader', parent = [null]], attributes = map['org.springframework.test.context.event.ApplicationEventsTestExecutionListener.recordApplicationEvents' -> false]]; transaction manager [org.springframework.jdbc.support.JdbcTransactionManager@3f6aaa7]; rollback [true]
2025-01-19 23:46:04.095 DEBUG 51142 --- [    Test worker] i.s.i.m.mapper.UserMapper.findById       : ==>  Preparing: select id, username, email, password, bio, image from users where id = ?
2025-01-19 23:46:04.110 DEBUG 51142 --- [    Test worker] i.s.i.m.mapper.UserMapper.findById       : ==> Parameters: ccd694b3-0b92-41d2-9168-8307f2356c9a(String)
2025-01-19 23:46:04.124 DEBUG 51142 --- [    Test worker] i.s.i.mybatis.mapper.UserMapper.insert   : ==>  Preparing: insert into users (id, username, email, password, bio, image) values( ?, ?, ?, ?, ?, ? )
2025-01-19 23:46:04.126 DEBUG 51142 --- [    Test worker] i.s.i.mybatis.mapper.UserMapper.insert   : ==> Parameters: ccd694b3-0b92-41d2-9168-8307f2356c9a(String), aisensiy(String), aisensiy@gmail.com(String), 123(String), (String), (String)
2025-01-19 23:46:04.126 DEBUG 51142 --- [    Test worker] i.s.i.mybatis.mapper.UserMapper.insert   : <==    Updates: 1
2025-01-19 23:46:04.131 DEBUG 51142 --- [    Test worker] i.s.i.m.mapper.ArticleMapper.findById    : ==>  Preparing: select A.id articleId, A.slug articleSlug, A.title articleTitle, A.description articleDescription, A.body articleBody, A.user_id articleUserId, A.created_at articleCreatedAt, A.updated_at articleUpdatedAt, T.id tagId, T.name tagName from articles A left join article_tags AT on A.id = AT.article_id left join tags T on T.id = AT.tag_id where A.id = ?
2025-01-19 23:46:04.131 DEBUG 51142 --- [    Test worker] i.s.i.m.mapper.ArticleMapper.findById    : ==> Parameters: 9fac8455-e20a-4730-a249-1eef0e6387b4(String)
2025-01-19 23:46:04.131 DEBUG 51142 --- [    Test worker] i.s.i.m.mapper.ArticleMapper.findTag     : ==>  Preparing: select id, name from tags where name = ?
2025-01-19 23:46:04.131 DEBUG 51142 --- [    Test worker] i.s.i.m.mapper.ArticleMapper.findTag     : ==> Parameters: spring(String)
2025-01-19 23:46:04.133 DEBUG 51142 --- [    Test worker] i.s.i.m.mapper.ArticleMapper.insertTag   : ==>  Preparing: insert into tags (id, name) values (?, ?)
2025-01-19 23:46:04.133 DEBUG 51142 --- [    Test worker] i.s.i.m.mapper.ArticleMapper.insertTag   : ==> Parameters: b58eb6b8-c870-400f-a66c-ea0f91873ebb(String), spring(String)
2025-01-19 23:46:04.133 DEBUG 51142 --- [    Test worker] i.s.i.m.mapper.ArticleMapper.insertTag   : <==    Updates: 1
2025-01-19 23:46:04.133 DEBUG 51142 --- [    Test worker] i.s.i.m.m.A.insertArticleTagRelation     : ==>  Preparing: insert into article_tags (article_id, tag_id) values(?, ?)
2025-01-19 23:46:04.133 DEBUG 51142 --- [    Test worker] i.s.i.m.m.A.insertArticleTagRelation     : ==> Parameters: 9fac8455-e20a-4730-a249-1eef0e6387b4(String), b58eb6b8-c870-400f-a66c-ea0f91873ebb(String)
2025-01-19 23:46:04.133 DEBUG 51142 --- [    Test worker] i.s.i.m.m.A.insertArticleTagRelation     : <==    Updates: 1
2025-01-19 23:46:04.134 DEBUG 51142 --- [    Test worker] i.s.i.m.mapper.ArticleMapper.findTag     : ==>  Preparing: select id, name from tags where name = ?
2025-01-19 23:46:04.134 DEBUG 51142 --- [    Test worker] i.s.i.m.mapper.ArticleMapper.findTag     : ==> Parameters: java(String)
2025-01-19 23:46:04.134 DEBUG 51142 --- [    Test worker] i.s.i.m.mapper.ArticleMapper.insertTag   : ==>  Preparing: insert into tags (id, name) values (?, ?)
2025-01-19 23:46:04.134 DEBUG 51142 --- [    Test worker] i.s.i.m.mapper.ArticleMapper.insertTag   : ==> Parameters: 24e60376-7806-41ae-8027-ba2724faa855(String), java(String)
2025-01-19 23:46:04.134 DEBUG 51142 --- [    Test worker] i.s.i.m.mapper.ArticleMapper.insertTag   : <==    Updates: 1
2025-01-19 23:46:04.135 DEBUG 51142 --- [    Test worker] i.s.i.m.m.A.insertArticleTagRelation     : ==>  Preparing: insert into article_tags (article_id, tag_id) values(?, ?)
2025-01-19 23:46:04.135 DEBUG 51142 --- [    Test worker] i.s.i.m.m.A.insertArticleTagRelation     : ==> Parameters: 9fac8455-e20a-4730-a249-1eef0e6387b4(String), 24e60376-7806-41ae-8027-ba2724faa855(String)
2025-01-19 23:46:04.135 DEBUG 51142 --- [    Test worker] i.s.i.m.m.A.insertArticleTagRelation     : <==    Updates: 1
2025-01-19 23:46:04.135 DEBUG 51142 --- [    Test worker] i.s.i.m.mapper.ArticleMapper.insert      : ==>  Preparing: insert into articles(id, slug, title, description, body, user_id, created_at, updated_at) values( ?, ?, ?, ?, ?, ?, ?, ?)
2025-01-19 23:46:04.136 DEBUG 51142 --- [    Test worker] i.s.i.m.mapper.ArticleMapper.insert      : ==> Parameters: 9fac8455-e20a-4730-a249-1eef0e6387b4(String), test(String), test(String), desc(String), body(String), ccd694b3-0b92-41d2-9168-8307f2356c9a(String), 2025-01-19 23:46:04.126(Timestamp), 2025-01-19 23:46:04.126(Timestamp)
2025-01-19 23:46:04.136 DEBUG 51142 --- [    Test worker] i.s.i.m.mapper.ArticleMapper.insert      : <==    Updates: 1
2025-01-19 23:46:04.136 DEBUG 51142 --- [    Test worker] i.s.i.m.mapper.UserMapper.findById       : ==>  Preparing: select id, username, email, password, bio, image from users where id = ?
2025-01-19 23:46:04.136 DEBUG 51142 --- [    Test worker] i.s.i.m.mapper.UserMapper.findById       : ==> Parameters: f7fb2063-6b34-4a5d-9915-d750f94f330d(String)
2025-01-19 23:46:04.137 DEBUG 51142 --- [    Test worker] i.s.i.mybatis.mapper.UserMapper.insert   : ==>  Preparing: insert into users (id, username, email, password, bio, image) values( ?, ?, ?, ?, ?, ? )
2025-01-19 23:46:04.137 DEBUG 51142 --- [    Test worker] i.s.i.mybatis.mapper.UserMapper.insert   : ==> Parameters: f7fb2063-6b34-4a5d-9915-d750f94f330d(String), other(String), other@email.com(String), 123(String), (String), (String)
2025-01-19 23:46:04.137 DEBUG 51142 --- [    Test worker] i.s.i.mybatis.mapper.UserMapper.insert   : <==    Updates: 1
2025-01-19 23:46:04.137 DEBUG 51142 --- [    Test worker] i.s.i.m.mapper.ArticleMapper.findById    : ==>  Preparing: select A.id articleId, A.slug articleSlug, A.title articleTitle, A.description articleDescription, A.body articleBody, A.user_id articleUserId, A.created_at articleCreatedAt, A.updated_at articleUpdatedAt, T.id tagId, T.name tagName from articles A left join article_tags AT on A.id = AT.article_id left join tags T on T.id = AT.tag_id where A.id = ?
2025-01-19 23:46:04.137 DEBUG 51142 --- [    Test worker] i.s.i.m.mapper.ArticleMapper.findById    : ==> Parameters: be7dffb9-bb6b-45fd-b732-cd469572af41(String)
2025-01-19 23:46:04.137 DEBUG 51142 --- [    Test worker] i.s.i.m.mapper.ArticleMapper.findTag     : ==>  Preparing: select id, name from tags where name = ?
2025-01-19 23:46:04.138 DEBUG 51142 --- [    Test worker] i.s.i.m.mapper.ArticleMapper.findTag     : ==> Parameters: test(String)
2025-01-19 23:46:04.138 DEBUG 51142 --- [    Test worker] i.s.i.m.mapper.ArticleMapper.insertTag   : ==>  Preparing: insert into tags (id, name) values (?, ?)
2025-01-19 23:46:04.138 DEBUG 51142 --- [    Test worker] i.s.i.m.mapper.ArticleMapper.insertTag   : ==> Parameters: 10ff63bf-cf16-4e7c-872c-44e5f7d1cade(String), test(String)
2025-01-19 23:46:04.138 DEBUG 51142 --- [    Test worker] i.s.i.m.mapper.ArticleMapper.insertTag   : <==    Updates: 1
2025-01-19 23:46:04.138 DEBUG 51142 --- [    Test worker] i.s.i.m.m.A.insertArticleTagRelation     : ==>  Preparing: insert into article_tags (article_id, tag_id) values(?, ?)
2025-01-19 23:46:04.139 DEBUG 51142 --- [    Test worker] i.s.i.m.m.A.insertArticleTagRelation     : ==> Parameters: be7dffb9-bb6b-45fd-b732-cd469572af41(String), 10ff63bf-cf16-4e7c-872c-44e5f7d1cade(String)
2025-01-19 23:46:04.139 DEBUG 51142 --- [    Test worker] i.s.i.m.m.A.insertArticleTagRelation     : <==    Updates: 1
2025-01-19 23:46:04.139 DEBUG 51142 --- [    Test worker] i.s.i.m.mapper.ArticleMapper.insert      : ==>  Preparing: insert into articles(id, slug, title, description, body, user_id, created_at, updated_at) values( ?, ?, ?, ?, ?, ?, ?, ?)
2025-01-19 23:46:04.139 DEBUG 51142 --- [    Test worker] i.s.i.m.mapper.ArticleMapper.insert      : ==> Parameters: be7dffb9-bb6b-45fd-b732-cd469572af41(String), new-article(String), new article(String), desc(String), body(String), f7fb2063-6b34-4a5d-9915-d750f94f330d(String), 2025-01-19 23:46:04.137(Timestamp), 2025-01-19 23:46:04.137(Timestamp)
2025-01-19 23:46:04.139 DEBUG 51142 --- [    Test worker] i.s.i.m.mapper.ArticleMapper.insert      : <==    Updates: 1
2025-01-19 23:46:04.157 DEBUG 51142 --- [    Test worker] i.s.i.m.r.A.queryArticles                : ==>  Preparing: select DISTINCT(A.id) articleId, A.created_at from articles A left join article_tags AT on A.id = AT.article_id left join tags T on T.id = AT.tag_id left join article_favorites AF on AF.article_id = A.id left join users AU on AU.id = A.user_id left join users AFU on AFU.id = AF.user_id WHERE AU.username = ? order by A.created_at desc limit ?, ?
2025-01-19 23:46:04.157 DEBUG 51142 --- [    Test worker] i.s.i.m.r.A.queryArticles                : ==> Parameters: aisensiy(String), 0(Integer), 20(Integer)
2025-01-19 23:46:04.158 DEBUG 51142 --- [    Test worker] i.s.i.m.r.A.queryArticles                : <==      Total: 1
2025-01-19 23:46:04.159 DEBUG 51142 --- [    Test worker] i.s.i.m.r.A.countArticle                 : ==>  Preparing: select count(DISTINCT A.id) from articles A left join article_tags AT on A.id = AT.article_id left join tags T on T.id = AT.tag_id left join article_favorites AF on AF.article_id = A.id left join users AU on AU.id = A.user_id left join users AFU on AFU.id = AF.user_id WHERE AU.username = ?
2025-01-19 23:46:04.159 DEBUG 51142 --- [    Test worker] i.s.i.m.r.A.countArticle                 : ==> Parameters: aisensiy(String)
2025-01-19 23:46:04.160 DEBUG 51142 --- [    Test worker] i.s.i.m.r.A.countArticle                 : <==      Total: 1
2025-01-19 23:46:04.161 DEBUG 51142 --- [    Test worker] i.s.i.m.r.A.findArticles                 : ==>  Preparing: select A.id articleId, A.slug articleSlug, A.title articleTitle, A.description articleDescription, A.body articleBody, A.created_at articleCreatedAt, A.updated_at articleUpdatedAt, T.name tagName, U.id userId, U.username userUsername, U.bio userBio, U.image userImage from articles A left join article_tags AT on A.id = AT.article_id left join tags T on T.id = AT.tag_id left join users U on U.id = A.user_id where A.id in ( ? ) order by A.created_at desc
2025-01-19 23:46:04.161 DEBUG 51142 --- [    Test worker] i.s.i.m.r.A.findArticles                 : ==> Parameters: 9fac8455-e20a-4730-a249-1eef0e6387b4(String)
2025-01-19 23:46:04.162 DEBUG 51142 --- [    Test worker] i.s.i.m.r.A.findArticles                 : <==      Total: 2
2025-01-19 23:46:04.169  INFO 51142 --- [    Test worker] o.s.t.c.transaction.TransactionContext   : Rolled back transaction for test: [DefaultTestContext@c1b96e6 testClass = ArticleQueryServiceTest, testInstance = io.spring.application.article.ArticleQueryServiceTest@69f4143, testMethod = should_query_article_by_author@ArticleQueryServiceTest, testException = [null], mergedContextConfiguration = [MergedContextConfiguration@31df0ce3 testClass = ArticleQueryServiceTest, locations = '{}', classes = '{class io.spring.RealWorldApplication}', contextInitializerClasses = '[]', activeProfiles = '{test}', propertySourceLocations = '{}', propertySourceProperties = '{org.mybatis.spring.boot.test.autoconfigure.MybatisTestContextBootstrapper=true}', contextCustomizers = set[org.springframework.boot.test.autoconfigure.OverrideAutoConfigurationContextCustomizerFactory$DisableAutoConfigurationContextCustomizer@1ed0128b, org.springframework.boot.test.autoconfigure.actuate.metrics.MetricsExportContextCustomizerFactory$DisableMetricExportContextCustomizer@62e70ea3, org.springframework.boot.test.autoconfigure.filter.TypeExcludeFiltersContextCustomizer@351584c0, org.springframework.boot.test.autoconfigure.properties.PropertyMappingContextCustomizer@d158b0f5, org.springframework.boot.test.autoconfigure.web.servlet.WebDriverContextCustomizerFactory$Customizer@180e6ac4, [ImportsContextCustomizer@530aaa86 key = [org.springframework.boot.test.autoconfigure.jdbc.TestDatabaseAutoConfiguration, org.springframework.boot.autoconfigure.jdbc.DataSourceAutoConfiguration, org.springframework.boot.autoconfigure.cache.CacheAutoConfiguration, org.springframework.boot.autoconfigure.flyway.FlywayAutoConfiguration, org.springframework.boot.autoconfigure.jdbc.DataSourceTransactionManagerAutoConfiguration, org.springframework.boot.autoconfigure.jdbc.JdbcTemplateAutoConfiguration, org.springframework.boot.autoconfigure.liquibase.LiquibaseAutoConfiguration, org.springframework.boot.autoconfigure.transaction.TransactionAutoConfiguration, org.springframework.boot.autoconfigure.sql.init.SqlInitializationAutoConfiguration, org.mybatis.spring.boot.autoconfigure.MybatisLanguageDriverAutoConfiguration, org.mybatis.spring.boot.autoconfigure.MybatisAutoConfiguration, io.spring.application.ArticleQueryService, io.spring.infrastructure.repository.MyBatisUserRepository, io.spring.infrastructure.repository.MyBatisArticleRepository, io.spring.infrastructure.repository.MyBatisArticleFavoriteRepository]], org.springframework.boot.test.context.filter.ExcludeFilterContextCustomizer@2a39fe6a, org.springframework.boot.test.json.DuplicateJsonObjectContextCustomizerFactory$DuplicateJsonObjectContextCustomizer@d5ae57e, org.springframework.boot.test.mock.mockito.MockitoContextCustomizer@0, org.springframework.boot.test.context.SpringBootTestArgs@1, org.springframework.boot.test.context.SpringBootTestWebEnvironment@0], contextLoader = 'org.springframework.boot.test.context.SpringBootContextLoader', parent = [null]], attributes = map['org.springframework.test.context.event.ApplicationEventsTestExecutionListener.recordApplicationEvents' -> false]]
2025-01-19 23:46:04.171  INFO 51142 --- [    Test worker] o.s.t.c.transaction.TransactionContext   : Began transaction (1) for test context [DefaultTestContext@c1b96e6 testClass = ArticleQueryServiceTest, testInstance = io.spring.application.article.ArticleQueryServiceTest@4f13e602, testMethod = should_query_article_by_tag@ArticleQueryServiceTest, testException = [null], mergedContextConfiguration = [MergedContextConfiguration@31df0ce3 testClass = ArticleQueryServiceTest, locations = '{}', classes = '{class io.spring.RealWorldApplication}', contextInitializerClasses = '[]', activeProfiles = '{test}', propertySourceLocations = '{}', propertySourceProperties = '{org.mybatis.spring.boot.test.autoconfigure.MybatisTestContextBootstrapper=true}', contextCustomizers = set[org.springframework.boot.test.autoconfigure.OverrideAutoConfigurationContextCustomizerFactory$DisableAutoConfigurationContextCustomizer@1ed0128b, org.springframework.boot.test.autoconfigure.actuate.metrics.MetricsExportContextCustomizerFactory$DisableMetricExportContextCustomizer@62e70ea3, org.springframework.boot.test.autoconfigure.filter.TypeExcludeFiltersContextCustomizer@351584c0, org.springframework.boot.test.autoconfigure.properties.PropertyMappingContextCustomizer@d158b0f5, org.springframework.boot.test.autoconfigure.web.servlet.WebDriverContextCustomizerFactory$Customizer@180e6ac4, [ImportsContextCustomizer@530aaa86 key = [org.springframework.boot.test.autoconfigure.jdbc.TestDatabaseAutoConfiguration, org.springframework.boot.autoconfigure.jdbc.DataSourceAutoConfiguration, org.springframework.boot.autoconfigure.cache.CacheAutoConfiguration, org.springframework.boot.autoconfigure.flyway.FlywayAutoConfiguration, org.springframework.boot.autoconfigure.jdbc.DataSourceTransactionManagerAutoConfiguration, org.springframework.boot.autoconfigure.jdbc.JdbcTemplateAutoConfiguration, org.springframework.boot.autoconfigure.liquibase.LiquibaseAutoConfiguration, org.springframework.boot.autoconfigure.transaction.TransactionAutoConfiguration, org.springframework.boot.autoconfigure.sql.init.SqlInitializationAutoConfiguration, org.mybatis.spring.boot.autoconfigure.MybatisLanguageDriverAutoConfiguration, org.mybatis.spring.boot.autoconfigure.MybatisAutoConfiguration, io.spring.application.ArticleQueryService, io.spring.infrastructure.repository.MyBatisUserRepository, io.spring.infrastructure.repository.MyBatisArticleRepository, io.spring.infrastructure.repository.MyBatisArticleFavoriteRepository]], org.springframework.boot.test.context.filter.ExcludeFilterContextCustomizer@2a39fe6a, org.springframework.boot.test.json.DuplicateJsonObjectContextCustomizerFactory$DuplicateJsonObjectContextCustomizer@d5ae57e, org.springframework.boot.test.mock.mockito.MockitoContextCustomizer@0, org.springframework.boot.test.context.SpringBootTestArgs@1, org.springframework.boot.test.context.SpringBootTestWebEnvironment@0], contextLoader = 'org.springframework.boot.test.context.SpringBootContextLoader', parent = [null]], attributes = map['org.springframework.test.context.event.ApplicationEventsTestExecutionListener.recordApplicationEvents' -> false]]; transaction manager [org.springframework.jdbc.support.JdbcTransactionManager@3f6aaa7]; rollback [true]
2025-01-19 23:46:04.172 DEBUG 51142 --- [    Test worker] i.s.i.m.mapper.UserMapper.findById       : ==>  Preparing: select id, username, email, password, bio, image from users where id = ?
2025-01-19 23:46:04.172 DEBUG 51142 --- [    Test worker] i.s.i.m.mapper.UserMapper.findById       : ==> Parameters: 4d8ad115-247a-414b-a43e-bb6a544be3ab(String)
2025-01-19 23:46:04.172 DEBUG 51142 --- [    Test worker] i.s.i.mybatis.mapper.UserMapper.insert   : ==>  Preparing: insert into users (id, username, email, password, bio, image) values( ?, ?, ?, ?, ?, ? )
2025-01-19 23:46:04.172 DEBUG 51142 --- [    Test worker] i.s.i.mybatis.mapper.UserMapper.insert   : ==> Parameters: 4d8ad115-247a-414b-a43e-bb6a544be3ab(String), aisensiy(String), aisensiy@gmail.com(String), 123(String), (String), (String)
2025-01-19 23:46:04.172 DEBUG 51142 --- [    Test worker] i.s.i.mybatis.mapper.UserMapper.insert   : <==    Updates: 1
2025-01-19 23:46:04.172 DEBUG 51142 --- [    Test worker] i.s.i.m.mapper.ArticleMapper.findById    : ==>  Preparing: select A.id articleId, A.slug articleSlug, A.title articleTitle, A.description articleDescription, A.body articleBody, A.user_id articleUserId, A.created_at articleCreatedAt, A.updated_at articleUpdatedAt, T.id tagId, T.name tagName from articles A left join article_tags AT on A.id = AT.article_id left join tags T on T.id = AT.tag_id where A.id = ?
2025-01-19 23:46:04.173 DEBUG 51142 --- [    Test worker] i.s.i.m.mapper.ArticleMapper.findById    : ==> Parameters: 70d48a99-b518-450c-ab09-ff90f15d582e(String)
2025-01-19 23:46:04.173 DEBUG 51142 --- [    Test worker] i.s.i.m.mapper.ArticleMapper.findTag     : ==>  Preparing: select id, name from tags where name = ?
2025-01-19 23:46:04.173 DEBUG 51142 --- [    Test worker] i.s.i.m.mapper.ArticleMapper.findTag     : ==> Parameters: spring(String)
2025-01-19 23:46:04.173 DEBUG 51142 --- [    Test worker] i.s.i.m.mapper.ArticleMapper.insertTag   : ==>  Preparing: insert into tags (id, name) values (?, ?)
2025-01-19 23:46:04.173 DEBUG 51142 --- [    Test worker] i.s.i.m.mapper.ArticleMapper.insertTag   : ==> Parameters: 1ed0e6de-8147-4fec-8261-4e053fda5745(String), spring(String)
2025-01-19 23:46:04.173 DEBUG 51142 --- [    Test worker] i.s.i.m.mapper.ArticleMapper.insertTag   : <==    Updates: 1
2025-01-19 23:46:04.173 DEBUG 51142 --- [    Test worker] i.s.i.m.m.A.insertArticleTagRelation     : ==>  Preparing: insert into article_tags (article_id, tag_id) values(?, ?)
2025-01-19 23:46:04.173 DEBUG 51142 --- [    Test worker] i.s.i.m.m.A.insertArticleTagRelation     : ==> Parameters: 70d48a99-b518-450c-ab09-ff90f15d582e(String), 1ed0e6de-8147-4fec-8261-4e053fda5745(String)
2025-01-19 23:46:04.174 DEBUG 51142 --- [    Test worker] i.s.i.m.m.A.insertArticleTagRelation     : <==    Updates: 1
2025-01-19 23:46:04.174 DEBUG 51142 --- [    Test worker] i.s.i.m.mapper.ArticleMapper.findTag     : ==>  Preparing: select id, name from tags where name = ?
2025-01-19 23:46:04.174 DEBUG 51142 --- [    Test worker] i.s.i.m.mapper.ArticleMapper.findTag     : ==> Parameters: java(String)
2025-01-19 23:46:04.174 DEBUG 51142 --- [    Test worker] i.s.i.m.mapper.ArticleMapper.insertTag   : ==>  Preparing: insert into tags (id, name) values (?, ?)
2025-01-19 23:46:04.174 DEBUG 51142 --- [    Test worker] i.s.i.m.mapper.ArticleMapper.insertTag   : ==> Parameters: 876235da-df51-438c-bd6d-2253bcfc2bea(String), java(String)
2025-01-19 23:46:04.174 DEBUG 51142 --- [    Test worker] i.s.i.m.mapper.ArticleMapper.insertTag   : <==    Updates: 1
2025-01-19 23:46:04.174 DEBUG 51142 --- [    Test worker] i.s.i.m.m.A.insertArticleTagRelation     : ==>  Preparing: insert into article_tags (article_id, tag_id) values(?, ?)
2025-01-19 23:46:04.174 DEBUG 51142 --- [    Test worker] i.s.i.m.m.A.insertArticleTagRelation     : ==> Parameters: 70d48a99-b518-450c-ab09-ff90f15d582e(String), 876235da-df51-438c-bd6d-2253bcfc2bea(String)
2025-01-19 23:46:04.174 DEBUG 51142 --- [    Test worker] i.s.i.m.m.A.insertArticleTagRelation     : <==    Updates: 1
2025-01-19 23:46:04.174 DEBUG 51142 --- [    Test worker] i.s.i.m.mapper.ArticleMapper.insert      : ==>  Preparing: insert into articles(id, slug, title, description, body, user_id, created_at, updated_at) values( ?, ?, ?, ?, ?, ?, ?, ?)
2025-01-19 23:46:04.175 DEBUG 51142 --- [    Test worker] i.s.i.m.mapper.ArticleMapper.insert      : ==> Parameters: 70d48a99-b518-450c-ab09-ff90f15d582e(String), test(String), test(String), desc(String), body(String), 4d8ad115-247a-414b-a43e-bb6a544be3ab(String), 2025-01-19 23:46:04.172(Timestamp), 2025-01-19 23:46:04.172(Timestamp)
2025-01-19 23:46:04.175 DEBUG 51142 --- [    Test worker] i.s.i.m.mapper.ArticleMapper.insert      : <==    Updates: 1
2025-01-19 23:46:04.175 DEBUG 51142 --- [    Test worker] i.s.i.m.mapper.ArticleMapper.findById    : ==>  Preparing: select A.id articleId, A.slug articleSlug, A.title articleTitle, A.description articleDescription, A.body articleBody, A.user_id articleUserId, A.created_at articleCreatedAt, A.updated_at articleUpdatedAt, T.id tagId, T.name tagName from articles A left join article_tags AT on A.id = AT.article_id left join tags T on T.id = AT.tag_id where A.id = ?
2025-01-19 23:46:04.175 DEBUG 51142 --- [    Test worker] i.s.i.m.mapper.ArticleMapper.findById    : ==> Parameters: 12d7a0a7-469d-477e-83d7-157c5180a7f5(String)
2025-01-19 23:46:04.176 DEBUG 51142 --- [    Test worker] i.s.i.m.mapper.ArticleMapper.findTag     : ==>  Preparing: select id, name from tags where name = ?
2025-01-19 23:46:04.176 DEBUG 51142 --- [    Test worker] i.s.i.m.mapper.ArticleMapper.findTag     : ==> Parameters: test(String)
2025-01-19 23:46:04.176 DEBUG 51142 --- [    Test worker] i.s.i.m.mapper.ArticleMapper.insertTag   : ==>  Preparing: insert into tags (id, name) values (?, ?)
2025-01-19 23:46:04.176 DEBUG 51142 --- [    Test worker] i.s.i.m.mapper.ArticleMapper.insertTag   : ==> Parameters: 606654d6-5c1d-471b-9fc2-4b9b3de6c70b(String), test(String)
2025-01-19 23:46:04.176 DEBUG 51142 --- [    Test worker] i.s.i.m.mapper.ArticleMapper.insertTag   : <==    Updates: 1
2025-01-19 23:46:04.177 DEBUG 51142 --- [    Test worker] i.s.i.m.m.A.insertArticleTagRelation     : ==>  Preparing: insert into article_tags (article_id, tag_id) values(?, ?)
2025-01-19 23:46:04.177 DEBUG 51142 --- [    Test worker] i.s.i.m.m.A.insertArticleTagRelation     : ==> Parameters: 12d7a0a7-469d-477e-83d7-157c5180a7f5(String), 606654d6-5c1d-471b-9fc2-4b9b3de6c70b(String)
2025-01-19 23:46:04.177 DEBUG 51142 --- [    Test worker] i.s.i.m.m.A.insertArticleTagRelation     : <==    Updates: 1
2025-01-19 23:46:04.177 DEBUG 51142 --- [    Test worker] i.s.i.m.mapper.ArticleMapper.insert      : ==>  Preparing: insert into articles(id, slug, title, description, body, user_id, created_at, updated_at) values( ?, ?, ?, ?, ?, ?, ?, ?)
2025-01-19 23:46:04.177 DEBUG 51142 --- [    Test worker] i.s.i.m.mapper.ArticleMapper.insert      : ==> Parameters: 12d7a0a7-469d-477e-83d7-157c5180a7f5(String), new-article(String), new article(String), desc(String), body(String), 4d8ad115-247a-414b-a43e-bb6a544be3ab(String), 2025-01-19 23:46:04.175(Timestamp), 2025-01-19 23:46:04.175(Timestamp)
2025-01-19 23:46:04.177 DEBUG 51142 --- [    Test worker] i.s.i.m.mapper.ArticleMapper.insert      : <==    Updates: 1
2025-01-19 23:46:04.177 DEBUG 51142 --- [    Test worker] i.s.i.m.r.A.queryArticles                : ==>  Preparing: select DISTINCT(A.id) articleId, A.created_at from articles A left join article_tags AT on A.id = AT.article_id left join tags T on T.id = AT.tag_id left join article_favorites AF on AF.article_id = A.id left join users AU on AU.id = A.user_id left join users AFU on AFU.id = AF.user_id WHERE T.name = ? order by A.created_at desc limit ?, ?
2025-01-19 23:46:04.177 DEBUG 51142 --- [    Test worker] i.s.i.m.r.A.queryArticles                : ==> Parameters: spring(String), 0(Integer), 20(Integer)
2025-01-19 23:46:04.178 DEBUG 51142 --- [    Test worker] i.s.i.m.r.A.queryArticles                : <==      Total: 1
2025-01-19 23:46:04.178 DEBUG 51142 --- [    Test worker] i.s.i.m.r.A.countArticle                 : ==>  Preparing: select count(DISTINCT A.id) from articles A left join article_tags AT on A.id = AT.article_id left join tags T on T.id = AT.tag_id left join article_favorites AF on AF.article_id = A.id left join users AU on AU.id = A.user_id left join users AFU on AFU.id = AF.user_id WHERE T.name = ?
2025-01-19 23:46:04.178 DEBUG 51142 --- [    Test worker] i.s.i.m.r.A.countArticle                 : ==> Parameters: spring(String)
2025-01-19 23:46:04.178 DEBUG 51142 --- [    Test worker] i.s.i.m.r.A.countArticle                 : <==      Total: 1
2025-01-19 23:46:04.178 DEBUG 51142 --- [    Test worker] i.s.i.m.r.A.findArticles                 : ==>  Preparing: select A.id articleId, A.slug articleSlug, A.title articleTitle, A.description articleDescription, A.body articleBody, A.created_at articleCreatedAt, A.updated_at articleUpdatedAt, T.name tagName, U.id userId, U.username userUsername, U.bio userBio, U.image userImage from articles A left join article_tags AT on A.id = AT.article_id left join tags T on T.id = AT.tag_id left join users U on U.id = A.user_id where A.id in ( ? ) order by A.created_at desc
2025-01-19 23:46:04.179 DEBUG 51142 --- [    Test worker] i.s.i.m.r.A.findArticles                 : ==> Parameters: 70d48a99-b518-450c-ab09-ff90f15d582e(String)
2025-01-19 23:46:04.179 DEBUG 51142 --- [    Test worker] i.s.i.m.r.A.findArticles                 : <==      Total: 2
2025-01-19 23:46:04.181 DEBUG 51142 --- [    Test worker] i.s.i.m.r.A.queryArticles                : ==>  Preparing: select DISTINCT(A.id) articleId, A.created_at from articles A left join article_tags AT on A.id = AT.article_id left join tags T on T.id = AT.tag_id left join article_favorites AF on AF.article_id = A.id left join users AU on AU.id = A.user_id left join users AFU on AFU.id = AF.user_id WHERE T.name = ? order by A.created_at desc limit ?, ?
2025-01-19 23:46:04.182 DEBUG 51142 --- [    Test worker] i.s.i.m.r.A.queryArticles                : ==> Parameters: notag(String), 0(Integer), 20(Integer)
2025-01-19 23:46:04.182 DEBUG 51142 --- [    Test worker] i.s.i.m.r.A.countArticle                 : ==>  Preparing: select count(DISTINCT A.id) from articles A left join article_tags AT on A.id = AT.article_id left join tags T on T.id = AT.tag_id left join article_favorites AF on AF.article_id = A.id left join users AU on AU.id = A.user_id left join users AFU on AFU.id = AF.user_id WHERE T.name = ?
2025-01-19 23:46:04.182 DEBUG 51142 --- [    Test worker] i.s.i.m.r.A.countArticle                 : ==> Parameters: notag(String)
2025-01-19 23:46:04.182 DEBUG 51142 --- [    Test worker] i.s.i.m.r.A.countArticle                 : <==      Total: 1
2025-01-19 23:46:04.184  INFO 51142 --- [    Test worker] o.s.t.c.transaction.TransactionContext   : Rolled back transaction for test: [DefaultTestContext@c1b96e6 testClass = ArticleQueryServiceTest, testInstance = io.spring.application.article.ArticleQueryServiceTest@4f13e602, testMethod = should_query_article_by_tag@ArticleQueryServiceTest, testException = [null], mergedContextConfiguration = [MergedContextConfiguration@31df0ce3 testClass = ArticleQueryServiceTest, locations = '{}', classes = '{class io.spring.RealWorldApplication}', contextInitializerClasses = '[]', activeProfiles = '{test}', propertySourceLocations = '{}', propertySourceProperties = '{org.mybatis.spring.boot.test.autoconfigure.MybatisTestContextBootstrapper=true}', contextCustomizers = set[org.springframework.boot.test.autoconfigure.OverrideAutoConfigurationContextCustomizerFactory$DisableAutoConfigurationContextCustomizer@1ed0128b, org.springframework.boot.test.autoconfigure.actuate.metrics.MetricsExportContextCustomizerFactory$DisableMetricExportContextCustomizer@62e70ea3, org.springframework.boot.test.autoconfigure.filter.TypeExcludeFiltersContextCustomizer@351584c0, org.springframework.boot.test.autoconfigure.properties.PropertyMappingContextCustomizer@d158b0f5, org.springframework.boot.test.autoconfigure.web.servlet.WebDriverContextCustomizerFactory$Customizer@180e6ac4, [ImportsContextCustomizer@530aaa86 key = [org.springframework.boot.test.autoconfigure.jdbc.TestDatabaseAutoConfiguration, org.springframework.boot.autoconfigure.jdbc.DataSourceAutoConfiguration, org.springframework.boot.autoconfigure.cache.CacheAutoConfiguration, org.springframework.boot.autoconfigure.flyway.FlywayAutoConfiguration, org.springframework.boot.autoconfigure.jdbc.DataSourceTransactionManagerAutoConfiguration, org.springframework.boot.autoconfigure.jdbc.JdbcTemplateAutoConfiguration, org.springframework.boot.autoconfigure.liquibase.LiquibaseAutoConfiguration, org.springframework.boot.autoconfigure.transaction.TransactionAutoConfiguration, org.springframework.boot.autoconfigure.sql.init.SqlInitializationAutoConfiguration, org.mybatis.spring.boot.autoconfigure.MybatisLanguageDriverAutoConfiguration, org.mybatis.spring.boot.autoconfigure.MybatisAutoConfiguration, io.spring.application.ArticleQueryService, io.spring.infrastructure.repository.MyBatisUserRepository, io.spring.infrastructure.repository.MyBatisArticleRepository, io.spring.infrastructure.repository.MyBatisArticleFavoriteRepository]], org.springframework.boot.test.context.filter.ExcludeFilterContextCustomizer@2a39fe6a, org.springframework.boot.test.json.DuplicateJsonObjectContextCustomizerFactory$DuplicateJsonObjectContextCustomizer@d5ae57e, org.springframework.boot.test.mock.mockito.MockitoContextCustomizer@0, org.springframework.boot.test.context.SpringBootTestArgs@1, org.springframework.boot.test.context.SpringBootTestWebEnvironment@0], contextLoader = 'org.springframework.boot.test.context.SpringBootContextLoader', parent = [null]], attributes = map['org.springframework.test.context.event.ApplicationEventsTestExecutionListener.recordApplicationEvents' -> false]]
2025-01-19 23:46:04.186  INFO 51142 --- [    Test worker] o.s.t.c.transaction.TransactionContext   : Began transaction (1) for test context [DefaultTestContext@c1b96e6 testClass = ArticleQueryServiceTest, testInstance = io.spring.application.article.ArticleQueryServiceTest@950a833, testMethod = should_get_user_feed@ArticleQueryServiceTest, testException = [null], mergedContextConfiguration = [MergedContextConfiguration@31df0ce3 testClass = ArticleQueryServiceTest, locations = '{}', classes = '{class io.spring.RealWorldApplication}', contextInitializerClasses = '[]', activeProfiles = '{test}', propertySourceLocations = '{}', propertySourceProperties = '{org.mybatis.spring.boot.test.autoconfigure.MybatisTestContextBootstrapper=true}', contextCustomizers = set[org.springframework.boot.test.autoconfigure.OverrideAutoConfigurationContextCustomizerFactory$DisableAutoConfigurationContextCustomizer@1ed0128b, org.springframework.boot.test.autoconfigure.actuate.metrics.MetricsExportContextCustomizerFactory$DisableMetricExportContextCustomizer@62e70ea3, org.springframework.boot.test.autoconfigure.filter.TypeExcludeFiltersContextCustomizer@351584c0, org.springframework.boot.test.autoconfigure.properties.PropertyMappingContextCustomizer@d158b0f5, org.springframework.boot.test.autoconfigure.web.servlet.WebDriverContextCustomizerFactory$Customizer@180e6ac4, [ImportsContextCustomizer@530aaa86 key = [org.springframework.boot.test.autoconfigure.jdbc.TestDatabaseAutoConfiguration, org.springframework.boot.autoconfigure.jdbc.DataSourceAutoConfiguration, org.springframework.boot.autoconfigure.cache.CacheAutoConfiguration, org.springframework.boot.autoconfigure.flyway.FlywayAutoConfiguration, org.springframework.boot.autoconfigure.jdbc.DataSourceTransactionManagerAutoConfiguration, org.springframework.boot.autoconfigure.jdbc.JdbcTemplateAutoConfiguration, org.springframework.boot.autoconfigure.liquibase.LiquibaseAutoConfiguration, org.springframework.boot.autoconfigure.transaction.TransactionAutoConfiguration, org.springframework.boot.autoconfigure.sql.init.SqlInitializationAutoConfiguration, org.mybatis.spring.boot.autoconfigure.MybatisLanguageDriverAutoConfiguration, org.mybatis.spring.boot.autoconfigure.MybatisAutoConfiguration, io.spring.application.ArticleQueryService, io.spring.infrastructure.repository.MyBatisUserRepository, io.spring.infrastructure.repository.MyBatisArticleRepository, io.spring.infrastructure.repository.MyBatisArticleFavoriteRepository]], org.springframework.boot.test.context.filter.ExcludeFilterContextCustomizer@2a39fe6a, org.springframework.boot.test.json.DuplicateJsonObjectContextCustomizerFactory$DuplicateJsonObjectContextCustomizer@d5ae57e, org.springframework.boot.test.mock.mockito.MockitoContextCustomizer@0, org.springframework.boot.test.context.SpringBootTestArgs@1, org.springframework.boot.test.context.SpringBootTestWebEnvironment@0], contextLoader = 'org.springframework.boot.test.context.SpringBootContextLoader', parent = [null]], attributes = map['org.springframework.test.context.event.ApplicationEventsTestExecutionListener.recordApplicationEvents' -> false]]; transaction manager [org.springframework.jdbc.support.JdbcTransactionManager@3f6aaa7]; rollback [true]
2025-01-19 23:46:04.187 DEBUG 51142 --- [    Test worker] i.s.i.m.mapper.UserMapper.findById       : ==>  Preparing: select id, username, email, password, bio, image from users where id = ?
2025-01-19 23:46:04.187 DEBUG 51142 --- [    Test worker] i.s.i.m.mapper.UserMapper.findById       : ==> Parameters: 0caf4ba6-55fa-48de-9c8a-6e6746736673(String)
2025-01-19 23:46:04.187 DEBUG 51142 --- [    Test worker] i.s.i.mybatis.mapper.UserMapper.insert   : ==>  Preparing: insert into users (id, username, email, password, bio, image) values( ?, ?, ?, ?, ?, ? )
2025-01-19 23:46:04.187 DEBUG 51142 --- [    Test worker] i.s.i.mybatis.mapper.UserMapper.insert   : ==> Parameters: 0caf4ba6-55fa-48de-9c8a-6e6746736673(String), aisensiy(String), aisensiy@gmail.com(String), 123(String), (String), (String)
2025-01-19 23:46:04.187 DEBUG 51142 --- [    Test worker] i.s.i.mybatis.mapper.UserMapper.insert   : <==    Updates: 1
2025-01-19 23:46:04.188 DEBUG 51142 --- [    Test worker] i.s.i.m.mapper.ArticleMapper.findById    : ==>  Preparing: select A.id articleId, A.slug articleSlug, A.title articleTitle, A.description articleDescription, A.body articleBody, A.user_id articleUserId, A.created_at articleCreatedAt, A.updated_at articleUpdatedAt, T.id tagId, T.name tagName from articles A left join article_tags AT on A.id = AT.article_id left join tags T on T.id = AT.tag_id where A.id = ?
2025-01-19 23:46:04.188 DEBUG 51142 --- [    Test worker] i.s.i.m.mapper.ArticleMapper.findById    : ==> Parameters: a40a4584-8e01-4fb0-8509-f14c8e9f4887(String)
2025-01-19 23:46:04.189 DEBUG 51142 --- [    Test worker] i.s.i.m.mapper.ArticleMapper.findTag     : ==>  Preparing: select id, name from tags where name = ?
2025-01-19 23:46:04.189 DEBUG 51142 --- [    Test worker] i.s.i.m.mapper.ArticleMapper.findTag     : ==> Parameters: spring(String)
2025-01-19 23:46:04.189 DEBUG 51142 --- [    Test worker] i.s.i.m.mapper.ArticleMapper.insertTag   : ==>  Preparing: insert into tags (id, name) values (?, ?)
2025-01-19 23:46:04.189 DEBUG 51142 --- [    Test worker] i.s.i.m.mapper.ArticleMapper.insertTag   : ==> Parameters: 8a66e0d3-8be5-4b26-8b54-52b717696874(String), spring(String)
2025-01-19 23:46:04.189 DEBUG 51142 --- [    Test worker] i.s.i.m.mapper.ArticleMapper.insertTag   : <==    Updates: 1
2025-01-19 23:46:04.190 DEBUG 51142 --- [    Test worker] i.s.i.m.m.A.insertArticleTagRelation     : ==>  Preparing: insert into article_tags (article_id, tag_id) values(?, ?)
2025-01-19 23:46:04.190 DEBUG 51142 --- [    Test worker] i.s.i.m.m.A.insertArticleTagRelation     : ==> Parameters: a40a4584-8e01-4fb0-8509-f14c8e9f4887(String), 8a66e0d3-8be5-4b26-8b54-52b717696874(String)
2025-01-19 23:46:04.190 DEBUG 51142 --- [    Test worker] i.s.i.m.m.A.insertArticleTagRelation     : <==    Updates: 1
2025-01-19 23:46:04.190 DEBUG 51142 --- [    Test worker] i.s.i.m.mapper.ArticleMapper.findTag     : ==>  Preparing: select id, name from tags where name = ?
2025-01-19 23:46:04.190 DEBUG 51142 --- [    Test worker] i.s.i.m.mapper.ArticleMapper.findTag     : ==> Parameters: java(String)
2025-01-19 23:46:04.191 DEBUG 51142 --- [    Test worker] i.s.i.m.mapper.ArticleMapper.insertTag   : ==>  Preparing: insert into tags (id, name) values (?, ?)
2025-01-19 23:46:04.191 DEBUG 51142 --- [    Test worker] i.s.i.m.mapper.ArticleMapper.insertTag   : ==> Parameters: d87294a5-07b4-4e73-8020-2cd2097bf0fe(String), java(String)
2025-01-19 23:46:04.191 DEBUG 51142 --- [    Test worker] i.s.i.m.mapper.ArticleMapper.insertTag   : <==    Updates: 1
2025-01-19 23:46:04.191 DEBUG 51142 --- [    Test worker] i.s.i.m.m.A.insertArticleTagRelation     : ==>  Preparing: insert into article_tags (article_id, tag_id) values(?, ?)
2025-01-19 23:46:04.191 DEBUG 51142 --- [    Test worker] i.s.i.m.m.A.insertArticleTagRelation     : ==> Parameters: a40a4584-8e01-4fb0-8509-f14c8e9f4887(String), d87294a5-07b4-4e73-8020-2cd2097bf0fe(String)
2025-01-19 23:46:04.191 DEBUG 51142 --- [    Test worker] i.s.i.m.m.A.insertArticleTagRelation     : <==    Updates: 1
2025-01-19 23:46:04.191 DEBUG 51142 --- [    Test worker] i.s.i.m.mapper.ArticleMapper.insert      : ==>  Preparing: insert into articles(id, slug, title, description, body, user_id, created_at, updated_at) values( ?, ?, ?, ?, ?, ?, ?, ?)
2025-01-19 23:46:04.191 DEBUG 51142 --- [    Test worker] i.s.i.m.mapper.ArticleMapper.insert      : ==> Parameters: a40a4584-8e01-4fb0-8509-f14c8e9f4887(String), test(String), test(String), desc(String), body(String), 0caf4ba6-55fa-48de-9c8a-6e6746736673(String), 2025-01-19 23:46:04.188(Timestamp), 2025-01-19 23:46:04.188(Timestamp)
2025-01-19 23:46:04.191 DEBUG 51142 --- [    Test worker] i.s.i.m.mapper.ArticleMapper.insert      : <==    Updates: 1
2025-01-19 23:46:04.192 DEBUG 51142 --- [    Test worker] i.s.i.m.mapper.UserMapper.findById       : ==>  Preparing: select id, username, email, password, bio, image from users where id = ?
2025-01-19 23:46:04.192 DEBUG 51142 --- [    Test worker] i.s.i.m.mapper.UserMapper.findById       : ==> Parameters: a48c4258-ec2e-4d1e-8bd0-0751619c0d4c(String)
2025-01-19 23:46:04.192 DEBUG 51142 --- [    Test worker] i.s.i.mybatis.mapper.UserMapper.insert   : ==>  Preparing: insert into users (id, username, email, password, bio, image) values( ?, ?, ?, ?, ?, ? )
2025-01-19 23:46:04.192 DEBUG 51142 --- [    Test worker] i.s.i.mybatis.mapper.UserMapper.insert   : ==> Parameters: a48c4258-ec2e-4d1e-8bd0-0751619c0d4c(String), other(String), other@email.com(String), 123(String), (String), (String)
2025-01-19 23:46:04.192 DEBUG 51142 --- [    Test worker] i.s.i.mybatis.mapper.UserMapper.insert   : <==    Updates: 1
2025-01-19 23:46:04.192 DEBUG 51142 --- [    Test worker] i.s.i.m.mapper.UserMapper.findRelation   : ==>  Preparing: SELECT F.user_id followUserId, F.follow_id followTargetId from follows F where F.user_id = ? and F.follow_id = ?
2025-01-19 23:46:04.192 DEBUG 51142 --- [    Test worker] i.s.i.m.mapper.UserMapper.findRelation   : ==> Parameters: a48c4258-ec2e-4d1e-8bd0-0751619c0d4c(String), 0caf4ba6-55fa-48de-9c8a-6e6746736673(String)
2025-01-19 23:46:04.193 DEBUG 51142 --- [    Test worker] i.s.i.m.mapper.UserMapper.saveRelation   : ==>  Preparing: insert into follows(user_id, follow_id) values (?, ?)
2025-01-19 23:46:04.193 DEBUG 51142 --- [    Test worker] i.s.i.m.mapper.UserMapper.saveRelation   : ==> Parameters: a48c4258-ec2e-4d1e-8bd0-0751619c0d4c(String), 0caf4ba6-55fa-48de-9c8a-6e6746736673(String)
2025-01-19 23:46:04.193 DEBUG 51142 --- [    Test worker] i.s.i.m.mapper.UserMapper.saveRelation   : <==    Updates: 1
2025-01-19 23:46:04.194 DEBUG 51142 --- [    Test worker] i.s.i.m.r.A.findArticlesOfAuthors        : ==>  Preparing: select A.id articleId, A.slug articleSlug, A.title articleTitle, A.description articleDescription, A.body articleBody, A.created_at articleCreatedAt, A.updated_at articleUpdatedAt, T.name tagName, U.id userId, U.username userUsername, U.bio userBio, U.image userImage from articles A left join article_tags AT on A.id = AT.article_id left join tags T on T.id = AT.tag_id left join users U on U.id = A.user_id where A.user_id in ( ? ) limit ?, ?
2025-01-19 23:46:04.194 DEBUG 51142 --- [    Test worker] i.s.i.m.r.A.findArticlesOfAuthors        : ==> Parameters: 0caf4ba6-55fa-48de-9c8a-6e6746736673(String), 0(Integer), 20(Integer)
2025-01-19 23:46:04.195 DEBUG 51142 --- [    Test worker] i.s.i.m.r.A.findArticlesOfAuthors        : <==      Total: 2
2025-01-19 23:46:04.196 DEBUG 51142 --- [    Test worker] i.s.i.m.r.A.countFeedSize                : ==>  Preparing: select count(1) from articles A where A.user_id in ( ? )
2025-01-19 23:46:04.196 DEBUG 51142 --- [    Test worker] i.s.i.m.r.A.countFeedSize                : ==> Parameters: 0caf4ba6-55fa-48de-9c8a-6e6746736673(String)
2025-01-19 23:46:04.196 DEBUG 51142 --- [    Test worker] i.s.i.m.r.A.countFeedSize                : <==      Total: 1
2025-01-19 23:46:04.198  INFO 51142 --- [    Test worker] o.s.t.c.transaction.TransactionContext   : Rolled back transaction for test: [DefaultTestContext@c1b96e6 testClass = ArticleQueryServiceTest, testInstance = io.spring.application.article.ArticleQueryServiceTest@950a833, testMethod = should_get_user_feed@ArticleQueryServiceTest, testException = [null], mergedContextConfiguration = [MergedContextConfiguration@31df0ce3 testClass = ArticleQueryServiceTest, locations = '{}', classes = '{class io.spring.RealWorldApplication}', contextInitializerClasses = '[]', activeProfiles = '{test}', propertySourceLocations = '{}', propertySourceProperties = '{org.mybatis.spring.boot.test.autoconfigure.MybatisTestContextBootstrapper=true}', contextCustomizers = set[org.springframework.boot.test.autoconfigure.OverrideAutoConfigurationContextCustomizerFactory$DisableAutoConfigurationContextCustomizer@1ed0128b, org.springframework.boot.test.autoconfigure.actuate.metrics.MetricsExportContextCustomizerFactory$DisableMetricExportContextCustomizer@62e70ea3, org.springframework.boot.test.autoconfigure.filter.TypeExcludeFiltersContextCustomizer@351584c0, org.springframework.boot.test.autoconfigure.properties.PropertyMappingContextCustomizer@d158b0f5, org.springframework.boot.test.autoconfigure.web.servlet.WebDriverContextCustomizerFactory$Customizer@180e6ac4, [ImportsContextCustomizer@530aaa86 key = [org.springframework.boot.test.autoconfigure.jdbc.TestDatabaseAutoConfiguration, org.springframework.boot.autoconfigure.jdbc.DataSourceAutoConfiguration, org.springframework.boot.autoconfigure.cache.CacheAutoConfiguration, org.springframework.boot.autoconfigure.flyway.FlywayAutoConfiguration, org.springframework.boot.autoconfigure.jdbc.DataSourceTransactionManagerAutoConfiguration, org.springframework.boot.autoconfigure.jdbc.JdbcTemplateAutoConfiguration, org.springframework.boot.autoconfigure.liquibase.LiquibaseAutoConfiguration, org.springframework.boot.autoconfigure.transaction.TransactionAutoConfiguration, org.springframework.boot.autoconfigure.sql.init.SqlInitializationAutoConfiguration, org.mybatis.spring.boot.autoconfigure.MybatisLanguageDriverAutoConfiguration, org.mybatis.spring.boot.autoconfigure.MybatisAutoConfiguration, io.spring.application.ArticleQueryService, io.spring.infrastructure.repository.MyBatisUserRepository, io.spring.infrastructure.repository.MyBatisArticleRepository, io.spring.infrastructure.repository.MyBatisArticleFavoriteRepository]], org.springframework.boot.test.context.filter.ExcludeFilterContextCustomizer@2a39fe6a, org.springframework.boot.test.json.DuplicateJsonObjectContextCustomizerFactory$DuplicateJsonObjectContextCustomizer@d5ae57e, org.springframework.boot.test.mock.mockito.MockitoContextCustomizer@0, org.springframework.boot.test.context.SpringBootTestArgs@1, org.springframework.boot.test.context.SpringBootTestWebEnvironment@0], contextLoader = 'org.springframework.boot.test.context.SpringBootContextLoader', parent = [null]], attributes = map['org.springframework.test.context.event.ApplicationEventsTestExecutionListener.recordApplicationEvents' -> false]]
2025-01-19 23:46:04.199  INFO 51142 --- [    Test worker] o.s.t.c.transaction.TransactionContext   : Began transaction (1) for test context [DefaultTestContext@c1b96e6 testClass = ArticleQueryServiceTest, testInstance = io.spring.application.article.ArticleQueryServiceTest@18f28f20, testMethod = should_get_article_with_right_favorite_and_favorite_count@ArticleQueryServiceTest, testException = [null], mergedContextConfiguration = [MergedContextConfiguration@31df0ce3 testClass = ArticleQueryServiceTest, locations = '{}', classes = '{class io.spring.RealWorldApplication}', contextInitializerClasses = '[]', activeProfiles = '{test}', propertySourceLocations = '{}', propertySourceProperties = '{org.mybatis.spring.boot.test.autoconfigure.MybatisTestContextBootstrapper=true}', contextCustomizers = set[org.springframework.boot.test.autoconfigure.OverrideAutoConfigurationContextCustomizerFactory$DisableAutoConfigurationContextCustomizer@1ed0128b, org.springframework.boot.test.autoconfigure.actuate.metrics.MetricsExportContextCustomizerFactory$DisableMetricExportContextCustomizer@62e70ea3, org.springframework.boot.test.autoconfigure.filter.TypeExcludeFiltersContextCustomizer@351584c0, org.springframework.boot.test.autoconfigure.properties.PropertyMappingContextCustomizer@d158b0f5, org.springframework.boot.test.autoconfigure.web.servlet.WebDriverContextCustomizerFactory$Customizer@180e6ac4, [ImportsContextCustomizer@530aaa86 key = [org.springframework.boot.test.autoconfigure.jdbc.TestDatabaseAutoConfiguration, org.springframework.boot.autoconfigure.jdbc.DataSourceAutoConfiguration, org.springframework.boot.autoconfigure.cache.CacheAutoConfiguration, org.springframework.boot.autoconfigure.flyway.FlywayAutoConfiguration, org.springframework.boot.autoconfigure.jdbc.DataSourceTransactionManagerAutoConfiguration, org.springframework.boot.autoconfigure.jdbc.JdbcTemplateAutoConfiguration, org.springframework.boot.autoconfigure.liquibase.LiquibaseAutoConfiguration, org.springframework.boot.autoconfigure.transaction.TransactionAutoConfiguration, org.springframework.boot.autoconfigure.sql.init.SqlInitializationAutoConfiguration, org.mybatis.spring.boot.autoconfigure.MybatisLanguageDriverAutoConfiguration, org.mybatis.spring.boot.autoconfigure.MybatisAutoConfiguration, io.spring.application.ArticleQueryService, io.spring.infrastructure.repository.MyBatisUserRepository, io.spring.infrastructure.repository.MyBatisArticleRepository, io.spring.infrastructure.repository.MyBatisArticleFavoriteRepository]], org.springframework.boot.test.context.filter.ExcludeFilterContextCustomizer@2a39fe6a, org.springframework.boot.test.json.DuplicateJsonObjectContextCustomizerFactory$DuplicateJsonObjectContextCustomizer@d5ae57e, org.springframework.boot.test.mock.mockito.MockitoContextCustomizer@0, org.springframework.boot.test.context.SpringBootTestArgs@1, org.springframework.boot.test.context.SpringBootTestWebEnvironment@0], contextLoader = 'org.springframework.boot.test.context.SpringBootContextLoader', parent = [null]], attributes = map['org.springframework.test.context.event.ApplicationEventsTestExecutionListener.recordApplicationEvents' -> false]]; transaction manager [org.springframework.jdbc.support.JdbcTransactionManager@3f6aaa7]; rollback [true]
2025-01-19 23:46:04.199 DEBUG 51142 --- [    Test worker] i.s.i.m.mapper.UserMapper.findById       : ==>  Preparing: select id, username, email, password, bio, image from users where id = ?
2025-01-19 23:46:04.200 DEBUG 51142 --- [    Test worker] i.s.i.m.mapper.UserMapper.findById       : ==> Parameters: 652e65e5-c69d-4aa2-8afe-6241b33c71fe(String)
2025-01-19 23:46:04.200 DEBUG 51142 --- [    Test worker] i.s.i.mybatis.mapper.UserMapper.insert   : ==>  Preparing: insert into users (id, username, email, password, bio, image) values( ?, ?, ?, ?, ?, ? )
2025-01-19 23:46:04.200 DEBUG 51142 --- [    Test worker] i.s.i.mybatis.mapper.UserMapper.insert   : ==> Parameters: 652e65e5-c69d-4aa2-8afe-6241b33c71fe(String), aisensiy(String), aisensiy@gmail.com(String), 123(String), (String), (String)
2025-01-19 23:46:04.200 DEBUG 51142 --- [    Test worker] i.s.i.mybatis.mapper.UserMapper.insert   : <==    Updates: 1
2025-01-19 23:46:04.201 DEBUG 51142 --- [    Test worker] i.s.i.m.mapper.ArticleMapper.findById    : ==>  Preparing: select A.id articleId, A.slug articleSlug, A.title articleTitle, A.description articleDescription, A.body articleBody, A.user_id articleUserId, A.created_at articleCreatedAt, A.updated_at articleUpdatedAt, T.id tagId, T.name tagName from articles A left join article_tags AT on A.id = AT.article_id left join tags T on T.id = AT.tag_id where A.id = ?
2025-01-19 23:46:04.201 DEBUG 51142 --- [    Test worker] i.s.i.m.mapper.ArticleMapper.findById    : ==> Parameters: ff105f85-9a01-4f03-a9ac-eb2703308cee(String)
2025-01-19 23:46:04.202 DEBUG 51142 --- [    Test worker] i.s.i.m.mapper.ArticleMapper.findTag     : ==>  Preparing: select id, name from tags where name = ?
2025-01-19 23:46:04.202 DEBUG 51142 --- [    Test worker] i.s.i.m.mapper.ArticleMapper.findTag     : ==> Parameters: spring(String)
2025-01-19 23:46:04.202 DEBUG 51142 --- [    Test worker] i.s.i.m.mapper.ArticleMapper.insertTag   : ==>  Preparing: insert into tags (id, name) values (?, ?)
2025-01-19 23:46:04.202 DEBUG 51142 --- [    Test worker] i.s.i.m.mapper.ArticleMapper.insertTag   : ==> Parameters: 96398546-2442-408e-93e7-c1a89d79a4e2(String), spring(String)
2025-01-19 23:46:04.203 DEBUG 51142 --- [    Test worker] i.s.i.m.mapper.ArticleMapper.insertTag   : <==    Updates: 1
2025-01-19 23:46:04.203 DEBUG 51142 --- [    Test worker] i.s.i.m.m.A.insertArticleTagRelation     : ==>  Preparing: insert into article_tags (article_id, tag_id) values(?, ?)
2025-01-19 23:46:04.203 DEBUG 51142 --- [    Test worker] i.s.i.m.m.A.insertArticleTagRelation     : ==> Parameters: ff105f85-9a01-4f03-a9ac-eb2703308cee(String), 96398546-2442-408e-93e7-c1a89d79a4e2(String)
2025-01-19 23:46:04.203 DEBUG 51142 --- [    Test worker] i.s.i.m.m.A.insertArticleTagRelation     : <==    Updates: 1
2025-01-19 23:46:04.203 DEBUG 51142 --- [    Test worker] i.s.i.m.mapper.ArticleMapper.findTag     : ==>  Preparing: select id, name from tags where name = ?
2025-01-19 23:46:04.203 DEBUG 51142 --- [    Test worker] i.s.i.m.mapper.ArticleMapper.findTag     : ==> Parameters: java(String)
2025-01-19 23:46:04.203 DEBUG 51142 --- [    Test worker] i.s.i.m.mapper.ArticleMapper.insertTag   : ==>  Preparing: insert into tags (id, name) values (?, ?)
2025-01-19 23:46:04.203 DEBUG 51142 --- [    Test worker] i.s.i.m.mapper.ArticleMapper.insertTag   : ==> Parameters: 77368ac3-15cc-43a1-af9f-3a92f77b36f8(String), java(String)
2025-01-19 23:46:04.204 DEBUG 51142 --- [    Test worker] i.s.i.m.mapper.ArticleMapper.insertTag   : <==    Updates: 1
2025-01-19 23:46:04.204 DEBUG 51142 --- [    Test worker] i.s.i.m.m.A.insertArticleTagRelation     : ==>  Preparing: insert into article_tags (article_id, tag_id) values(?, ?)
2025-01-19 23:46:04.204 DEBUG 51142 --- [    Test worker] i.s.i.m.m.A.insertArticleTagRelation     : ==> Parameters: ff105f85-9a01-4f03-a9ac-eb2703308cee(String), 77368ac3-15cc-43a1-af9f-3a92f77b36f8(String)
2025-01-19 23:46:04.204 DEBUG 51142 --- [    Test worker] i.s.i.m.m.A.insertArticleTagRelation     : <==    Updates: 1
2025-01-19 23:46:04.204 DEBUG 51142 --- [    Test worker] i.s.i.m.mapper.ArticleMapper.insert      : ==>  Preparing: insert into articles(id, slug, title, description, body, user_id, created_at, updated_at) values( ?, ?, ?, ?, ?, ?, ?, ?)
2025-01-19 23:46:04.204 DEBUG 51142 --- [    Test worker] i.s.i.m.mapper.ArticleMapper.insert      : ==> Parameters: ff105f85-9a01-4f03-a9ac-eb2703308cee(String), test(String), test(String), desc(String), body(String), 652e65e5-c69d-4aa2-8afe-6241b33c71fe(String), 2025-01-19 23:46:04.2(Timestamp), 2025-01-19 23:46:04.2(Timestamp)
2025-01-19 23:46:04.204 DEBUG 51142 --- [    Test worker] i.s.i.m.mapper.ArticleMapper.insert      : <==    Updates: 1
2025-01-19 23:46:04.204 DEBUG 51142 --- [    Test worker] i.s.i.m.mapper.UserMapper.findById       : ==>  Preparing: select id, username, email, password, bio, image from users where id = ?
2025-01-19 23:46:04.204 DEBUG 51142 --- [    Test worker] i.s.i.m.mapper.UserMapper.findById       : ==> Parameters: dafa1cef-3876-4ddf-9044-fcf38c3922bd(String)
2025-01-19 23:46:04.205 DEBUG 51142 --- [    Test worker] i.s.i.mybatis.mapper.UserMapper.insert   : ==>  Preparing: insert into users (id, username, email, password, bio, image) values( ?, ?, ?, ?, ?, ? )
2025-01-19 23:46:04.205 DEBUG 51142 --- [    Test worker] i.s.i.mybatis.mapper.UserMapper.insert   : ==> Parameters: dafa1cef-3876-4ddf-9044-fcf38c3922bd(String), other(String), other@test.com(String), 123(String), (String), (String)
2025-01-19 23:46:04.205 DEBUG 51142 --- [    Test worker] i.s.i.mybatis.mapper.UserMapper.insert   : <==    Updates: 1
2025-01-19 23:46:04.205 DEBUG 51142 --- [    Test worker] i.s.i.m.m.ArticleFavoriteMapper.find     : ==>  Preparing: select AF.article_id articleFavoriteArticleId, AF.user_id articleFavoriteUserId from article_favorites AF where AF.article_id = ? and AF.user_id = ?
2025-01-19 23:46:04.205 DEBUG 51142 --- [    Test worker] i.s.i.m.m.ArticleFavoriteMapper.find     : ==> Parameters: ff105f85-9a01-4f03-a9ac-eb2703308cee(String), dafa1cef-3876-4ddf-9044-fcf38c3922bd(String)
2025-01-19 23:46:04.205 DEBUG 51142 --- [    Test worker] i.s.i.m.m.ArticleFavoriteMapper.insert   : ==>  Preparing: insert into article_favorites (article_id, user_id) values (?, ?)
2025-01-19 23:46:04.205 DEBUG 51142 --- [    Test worker] i.s.i.m.m.ArticleFavoriteMapper.insert   : ==> Parameters: ff105f85-9a01-4f03-a9ac-eb2703308cee(String), dafa1cef-3876-4ddf-9044-fcf38c3922bd(String)
2025-01-19 23:46:04.206 DEBUG 51142 --- [    Test worker] i.s.i.m.m.ArticleFavoriteMapper.insert   : <==    Updates: 1
2025-01-19 23:46:04.206 DEBUG 51142 --- [    Test worker] i.s.i.m.r.ArticleReadService.findById    : ==>  Preparing: select A.id articleId, A.slug articleSlug, A.title articleTitle, A.description articleDescription, A.body articleBody, A.created_at articleCreatedAt, A.updated_at articleUpdatedAt, T.name tagName, U.id userId, U.username userUsername, U.bio userBio, U.image userImage from articles A left join article_tags AT on A.id = AT.article_id left join tags T on T.id = AT.tag_id left join users U on U.id = A.user_id where A.id = ?
2025-01-19 23:46:04.206 DEBUG 51142 --- [    Test worker] i.s.i.m.r.ArticleReadService.findById    : ==> Parameters: ff105f85-9a01-4f03-a9ac-eb2703308cee(String)
2025-01-19 23:46:04.207 DEBUG 51142 --- [    Test worker] i.s.i.m.r.ArticleReadService.findById    : <==      Total: 2
2025-01-19 23:46:04.209  INFO 51142 --- [    Test worker] o.s.t.c.transaction.TransactionContext   : Rolled back transaction for test: [DefaultTestContext@c1b96e6 testClass = ArticleQueryServiceTest, testInstance = io.spring.application.article.ArticleQueryServiceTest@18f28f20, testMethod = should_get_article_with_right_favorite_and_favorite_count@ArticleQueryServiceTest, testException = [null], mergedContextConfiguration = [MergedContextConfiguration@31df0ce3 testClass = ArticleQueryServiceTest, locations = '{}', classes = '{class io.spring.RealWorldApplication}', contextInitializerClasses = '[]', activeProfiles = '{test}', propertySourceLocations = '{}', propertySourceProperties = '{org.mybatis.spring.boot.test.autoconfigure.MybatisTestContextBootstrapper=true}', contextCustomizers = set[org.springframework.boot.test.autoconfigure.OverrideAutoConfigurationContextCustomizerFactory$DisableAutoConfigurationContextCustomizer@1ed0128b, org.springframework.boot.test.autoconfigure.actuate.metrics.MetricsExportContextCustomizerFactory$DisableMetricExportContextCustomizer@62e70ea3, org.springframework.boot.test.autoconfigure.filter.TypeExcludeFiltersContextCustomizer@351584c0, org.springframework.boot.test.autoconfigure.properties.PropertyMappingContextCustomizer@d158b0f5, org.springframework.boot.test.autoconfigure.web.servlet.WebDriverContextCustomizerFactory$Customizer@180e6ac4, [ImportsContextCustomizer@530aaa86 key = [org.springframework.boot.test.autoconfigure.jdbc.TestDatabaseAutoConfiguration, org.springframework.boot.autoconfigure.jdbc.DataSourceAutoConfiguration, org.springframework.boot.autoconfigure.cache.CacheAutoConfiguration, org.springframework.boot.autoconfigure.flyway.FlywayAutoConfiguration, org.springframework.boot.autoconfigure.jdbc.DataSourceTransactionManagerAutoConfiguration, org.springframework.boot.autoconfigure.jdbc.JdbcTemplateAutoConfiguration, org.springframework.boot.autoconfigure.liquibase.LiquibaseAutoConfiguration, org.springframework.boot.autoconfigure.transaction.TransactionAutoConfiguration, org.springframework.boot.autoconfigure.sql.init.SqlInitializationAutoConfiguration, org.mybatis.spring.boot.autoconfigure.MybatisLanguageDriverAutoConfiguration, org.mybatis.spring.boot.autoconfigure.MybatisAutoConfiguration, io.spring.application.ArticleQueryService, io.spring.infrastructure.repository.MyBatisUserRepository, io.spring.infrastructure.repository.MyBatisArticleRepository, io.spring.infrastructure.repository.MyBatisArticleFavoriteRepository]], org.springframework.boot.test.context.filter.ExcludeFilterContextCustomizer@2a39fe6a, org.springframework.boot.test.json.DuplicateJsonObjectContextCustomizerFactory$DuplicateJsonObjectContextCustomizer@d5ae57e, org.springframework.boot.test.mock.mockito.MockitoContextCustomizer@0, org.springframework.boot.test.context.SpringBootTestArgs@1, org.springframework.boot.test.context.SpringBootTestWebEnvironment@0], contextLoader = 'org.springframework.boot.test.context.SpringBootContextLoader', parent = [null]], attributes = map['org.springframework.test.context.event.ApplicationEventsTestExecutionListener.recordApplicationEvents' -> false]]
2025-01-19 23:46:04.210  INFO 51142 --- [    Test worker] o.s.t.c.transaction.TransactionContext   : Began transaction (1) for test context [DefaultTestContext@c1b96e6 testClass = ArticleQueryServiceTest, testInstance = io.spring.application.article.ArticleQueryServiceTest@6da0228a, testMethod = should_fetch_article_success@ArticleQueryServiceTest, testException = [null], mergedContextConfiguration = [MergedContextConfiguration@31df0ce3 testClass = ArticleQueryServiceTest, locations = '{}', classes = '{class io.spring.RealWorldApplication}', contextInitializerClasses = '[]', activeProfiles = '{test}', propertySourceLocations = '{}', propertySourceProperties = '{org.mybatis.spring.boot.test.autoconfigure.MybatisTestContextBootstrapper=true}', contextCustomizers = set[org.springframework.boot.test.autoconfigure.OverrideAutoConfigurationContextCustomizerFactory$DisableAutoConfigurationContextCustomizer@1ed0128b, org.springframework.boot.test.autoconfigure.actuate.metrics.MetricsExportContextCustomizerFactory$DisableMetricExportContextCustomizer@62e70ea3, org.springframework.boot.test.autoconfigure.filter.TypeExcludeFiltersContextCustomizer@351584c0, org.springframework.boot.test.autoconfigure.properties.PropertyMappingContextCustomizer@d158b0f5, org.springframework.boot.test.autoconfigure.web.servlet.WebDriverContextCustomizerFactory$Customizer@180e6ac4, [ImportsContextCustomizer@530aaa86 key = [org.springframework.boot.test.autoconfigure.jdbc.TestDatabaseAutoConfiguration, org.springframework.boot.autoconfigure.jdbc.DataSourceAutoConfiguration, org.springframework.boot.autoconfigure.cache.CacheAutoConfiguration, org.springframework.boot.autoconfigure.flyway.FlywayAutoConfiguration, org.springframework.boot.autoconfigure.jdbc.DataSourceTransactionManagerAutoConfiguration, org.springframework.boot.autoconfigure.jdbc.JdbcTemplateAutoConfiguration, org.springframework.boot.autoconfigure.liquibase.LiquibaseAutoConfiguration, org.springframework.boot.autoconfigure.transaction.TransactionAutoConfiguration, org.springframework.boot.autoconfigure.sql.init.SqlInitializationAutoConfiguration, org.mybatis.spring.boot.autoconfigure.MybatisLanguageDriverAutoConfiguration, org.mybatis.spring.boot.autoconfigure.MybatisAutoConfiguration, io.spring.application.ArticleQueryService, io.spring.infrastructure.repository.MyBatisUserRepository, io.spring.infrastructure.repository.MyBatisArticleRepository, io.spring.infrastructure.repository.MyBatisArticleFavoriteRepository]], org.springframework.boot.test.context.filter.ExcludeFilterContextCustomizer@2a39fe6a, org.springframework.boot.test.json.DuplicateJsonObjectContextCustomizerFactory$DuplicateJsonObjectContextCustomizer@d5ae57e, org.springframework.boot.test.mock.mockito.MockitoContextCustomizer@0, org.springframework.boot.test.context.SpringBootTestArgs@1, org.springframework.boot.test.context.SpringBootTestWebEnvironment@0], contextLoader = 'org.springframework.boot.test.context.SpringBootContextLoader', parent = [null]], attributes = map['org.springframework.test.context.event.ApplicationEventsTestExecutionListener.recordApplicationEvents' -> false]]; transaction manager [org.springframework.jdbc.support.JdbcTransactionManager@3f6aaa7]; rollback [true]
2025-01-19 23:46:04.211 DEBUG 51142 --- [    Test worker] i.s.i.m.mapper.UserMapper.findById       : ==>  Preparing: select id, username, email, password, bio, image from users where id = ?
2025-01-19 23:46:04.211 DEBUG 51142 --- [    Test worker] i.s.i.m.mapper.UserMapper.findById       : ==> Parameters: bb098435-14ce-480e-b1c7-c02a4da0d6db(String)
2025-01-19 23:46:04.212 DEBUG 51142 --- [    Test worker] i.s.i.mybatis.mapper.UserMapper.insert   : ==>  Preparing: insert into users (id, username, email, password, bio, image) values( ?, ?, ?, ?, ?, ? )
2025-01-19 23:46:04.212 DEBUG 51142 --- [    Test worker] i.s.i.mybatis.mapper.UserMapper.insert   : ==> Parameters: bb098435-14ce-480e-b1c7-c02a4da0d6db(String), aisensiy(String), aisensiy@gmail.com(String), 123(String), (String), (String)
2025-01-19 23:46:04.212 DEBUG 51142 --- [    Test worker] i.s.i.mybatis.mapper.UserMapper.insert   : <==    Updates: 1
2025-01-19 23:46:04.212 DEBUG 51142 --- [    Test worker] i.s.i.m.mapper.ArticleMapper.findById    : ==>  Preparing: select A.id articleId, A.slug articleSlug, A.title articleTitle, A.description articleDescription, A.body articleBody, A.user_id articleUserId, A.created_at articleCreatedAt, A.updated_at articleUpdatedAt, T.id tagId, T.name tagName from articles A left join article_tags AT on A.id = AT.article_id left join tags T on T.id = AT.tag_id where A.id = ?
2025-01-19 23:46:04.212 DEBUG 51142 --- [    Test worker] i.s.i.m.mapper.ArticleMapper.findById    : ==> Parameters: c46f22cb-b397-4567-b9d6-81a215fbaf36(String)
2025-01-19 23:46:04.212 DEBUG 51142 --- [    Test worker] i.s.i.m.mapper.ArticleMapper.findTag     : ==>  Preparing: select id, name from tags where name = ?
2025-01-19 23:46:04.212 DEBUG 51142 --- [    Test worker] i.s.i.m.mapper.ArticleMapper.findTag     : ==> Parameters: spring(String)
2025-01-19 23:46:04.213 DEBUG 51142 --- [    Test worker] i.s.i.m.mapper.ArticleMapper.insertTag   : ==>  Preparing: insert into tags (id, name) values (?, ?)
2025-01-19 23:46:04.213 DEBUG 51142 --- [    Test worker] i.s.i.m.mapper.ArticleMapper.insertTag   : ==> Parameters: a4d6ce5d-ac70-4238-aa41-da01d3584ab6(String), spring(String)
2025-01-19 23:46:04.213 DEBUG 51142 --- [    Test worker] i.s.i.m.mapper.ArticleMapper.insertTag   : <==    Updates: 1
2025-01-19 23:46:04.213 DEBUG 51142 --- [    Test worker] i.s.i.m.m.A.insertArticleTagRelation     : ==>  Preparing: insert into article_tags (article_id, tag_id) values(?, ?)
2025-01-19 23:46:04.213 DEBUG 51142 --- [    Test worker] i.s.i.m.m.A.insertArticleTagRelation     : ==> Parameters: c46f22cb-b397-4567-b9d6-81a215fbaf36(String), a4d6ce5d-ac70-4238-aa41-da01d3584ab6(String)
2025-01-19 23:46:04.213 DEBUG 51142 --- [    Test worker] i.s.i.m.m.A.insertArticleTagRelation     : <==    Updates: 1
2025-01-19 23:46:04.213 DEBUG 51142 --- [    Test worker] i.s.i.m.mapper.ArticleMapper.findTag     : ==>  Preparing: select id, name from tags where name = ?
2025-01-19 23:46:04.213 DEBUG 51142 --- [    Test worker] i.s.i.m.mapper.ArticleMapper.findTag     : ==> Parameters: java(String)
2025-01-19 23:46:04.213 DEBUG 51142 --- [    Test worker] i.s.i.m.mapper.ArticleMapper.insertTag   : ==>  Preparing: insert into tags (id, name) values (?, ?)
2025-01-19 23:46:04.213 DEBUG 51142 --- [    Test worker] i.s.i.m.mapper.ArticleMapper.insertTag   : ==> Parameters: 08a99687-f3ff-4f4f-9d70-03b19439c505(String), java(String)
2025-01-19 23:46:04.213 DEBUG 51142 --- [    Test worker] i.s.i.m.mapper.ArticleMapper.insertTag   : <==    Updates: 1
2025-01-19 23:46:04.214 DEBUG 51142 --- [    Test worker] i.s.i.m.m.A.insertArticleTagRelation     : ==>  Preparing: insert into article_tags (article_id, tag_id) values(?, ?)
2025-01-19 23:46:04.214 DEBUG 51142 --- [    Test worker] i.s.i.m.m.A.insertArticleTagRelation     : ==> Parameters: c46f22cb-b397-4567-b9d6-81a215fbaf36(String), 08a99687-f3ff-4f4f-9d70-03b19439c505(String)
2025-01-19 23:46:04.214 DEBUG 51142 --- [    Test worker] i.s.i.m.m.A.insertArticleTagRelation     : <==    Updates: 1
2025-01-19 23:46:04.214 DEBUG 51142 --- [    Test worker] i.s.i.m.mapper.ArticleMapper.insert      : ==>  Preparing: insert into articles(id, slug, title, description, body, user_id, created_at, updated_at) values( ?, ?, ?, ?, ?, ?, ?, ?)
2025-01-19 23:46:04.214 DEBUG 51142 --- [    Test worker] i.s.i.m.mapper.ArticleMapper.insert      : ==> Parameters: c46f22cb-b397-4567-b9d6-81a215fbaf36(String), test(String), test(String), desc(String), body(String), bb098435-14ce-480e-b1c7-c02a4da0d6db(String), 2025-01-19 23:46:04.212(Timestamp), 2025-01-19 23:46:04.212(Timestamp)
2025-01-19 23:46:04.214 DEBUG 51142 --- [    Test worker] i.s.i.m.mapper.ArticleMapper.insert      : <==    Updates: 1
2025-01-19 23:46:04.214 DEBUG 51142 --- [    Test worker] i.s.i.m.r.ArticleReadService.findById    : ==>  Preparing: select A.id articleId, A.slug articleSlug, A.title articleTitle, A.description articleDescription, A.body articleBody, A.created_at articleCreatedAt, A.updated_at articleUpdatedAt, T.name tagName, U.id userId, U.username userUsername, U.bio userBio, U.image userImage from articles A left join article_tags AT on A.id = AT.article_id left join tags T on T.id = AT.tag_id left join users U on U.id = A.user_id where A.id = ?
2025-01-19 23:46:04.214 DEBUG 51142 --- [    Test worker] i.s.i.m.r.ArticleReadService.findById    : ==> Parameters: c46f22cb-b397-4567-b9d6-81a215fbaf36(String)
2025-01-19 23:46:04.215 DEBUG 51142 --- [    Test worker] i.s.i.m.r.ArticleReadService.findById    : <==      Total: 2
[...]
2025-01-19 23:46:04.247 DEBUG 51142 --- [    Test worker] i.s.i.m.r.A.findArticles                 : <==      Total: 2
2025-01-19 23:46:04.249  INFO 51142 --- [    Test worker] o.s.t.c.transaction.TransactionContext   : Rolled back transaction for test: [DefaultTestContext@c1b96e6 testClass = ArticleQueryServiceTest, testInstance = io.spring.application.article.ArticleQueryServiceTest@78ac66e2, testMethod = should_query_article_by_favorite@ArticleQueryServiceTest, testException = [null], mergedContextConfiguration = [MergedContextConfiguration@31df0ce3 testClass = ArticleQueryServiceTest, locations = '{}', classes = '{class io.spring.RealWorldApplication}', contextInitializerClasses = '[]', activeProfiles = '{test}', propertySourceLocations = '{}', propertySourceProperties = '{org.mybatis.spring.boot.test.autoconfigure.MybatisTestContextBootstrapper=true}', contextCustomizers = set[org.springframework.boot.test.autoconfigure.OverrideAutoConfigurationContextCustomizerFactory$DisableAutoConfigurationContextCustomizer@1ed0128b, org.springframework.boot.test.autoconfigure.actuate.metrics.MetricsExportContextCustomizerFactory$DisableMetricExportContextCustomizer@62e70ea3, org.springframework.boot.test.autoconfigure.filter.TypeExcludeFiltersContextCustomizer@351584c0, org.springframework.boot.test.autoconfigure.properties.PropertyMappingContextCustomizer@d158b0f5, org.springframework.boot.test.autoconfigure.web.servlet.WebDriverContextCustomizerFactory$Customizer@180e6ac4, [ImportsContextCustomizer@530aaa86 key = [org.springframework.boot.test.autoconfigure.jdbc.TestDatabaseAutoConfiguration, org.springframework.boot.autoconfigure.jdbc.DataSourceAutoConfiguration, org.springframework.boot.autoconfigure.cache.CacheAutoConfiguration, org.springframework.boot.autoconfigure.flyway.FlywayAutoConfiguration, org.springframework.boot.autoconfigure.jdbc.DataSourceTransactionManagerAutoConfiguration, org.springframework.boot.autoconfigure.jdbc.JdbcTemplateAutoConfiguration, org.springframework.boot.autoconfigure.liquibase.LiquibaseAutoConfiguration, org.springframework.boot.autoconfigure.transaction.TransactionAutoConfiguration, org.springframework.boot.autoconfigure.sql.init.SqlInitializationAutoConfiguration, org.mybatis.spring.boot.autoconfigure.MybatisLanguageDriverAutoConfiguration, org.mybatis.spring.boot.autoconfigure.MybatisAutoConfiguration, io.spring.application.ArticleQueryService, io.spring.infrastructure.repository.MyBatisUserRepository, io.spring.infrastructure.repository.MyBatisArticleRepository, io.spring.infrastructure.repository.MyBatisArticleFavoriteRepository]], org.springframework.boot.test.context.filter.ExcludeFilterContextCustomizer@2a39fe6a, org.springframework.boot.test.json.DuplicateJsonObjectContextCustomizerFactory$DuplicateJsonObjectContextCustomizer@d5ae57e, org.springframework.boot.test.mock.mockito.MockitoContextCustomizer@0, org.springframework.boot.test.context.SpringBootTestArgs@1, org.springframework.boot.test.context.SpringBootTestWebEnvironment@0], contextLoader = 'org.springframework.boot.test.context.SpringBootContextLoader', parent = [null]], attributes = map['org.springframework.test.context.event.ApplicationEventsTestExecutionListener.recordApplicationEvents' -> false]]
2025-01-19 23:46:04.250  INFO 51142 --- [    Test worker] o.s.t.c.transaction.TransactionContext   : Began transaction (1) for test context [DefaultTestContext@c1b96e6 testClass = ArticleQueryServiceTest, testInstance = io.spring.application.article.ArticleQueryServiceTest@3030edcc, testMethod = should_get_default_article_list_by_cursor@ArticleQueryServiceTest, testException = [null], mergedContextConfiguration = [MergedContextConfiguration@31df0ce3 testClass = ArticleQueryServiceTest, locations = '{}', classes = '{class io.spring.RealWorldApplication}', contextInitializerClasses = '[]', activeProfiles = '{test}', propertySourceLocations = '{}', propertySourceProperties = '{org.mybatis.spring.boot.test.autoconfigure.MybatisTestContextBootstrapper=true}', contextCustomizers = set[org.springframework.boot.test.autoconfigure.OverrideAutoConfigurationContextCustomizerFactory$DisableAutoConfigurationContextCustomizer@1ed0128b, org.springframework.boot.test.autoconfigure.actuate.metrics.MetricsExportContextCustomizerFactory$DisableMetricExportContextCustomizer@62e70ea3, org.springframework.boot.test.autoconfigure.filter.TypeExcludeFiltersContextCustomizer@351584c0, org.springframework.boot.test.autoconfigure.properties.PropertyMappingContextCustomizer@d158b0f5, org.springframework.boot.test.autoconfigure.web.servlet.WebDriverContextCustomizerFactory$Customizer@180e6ac4, [ImportsContextCustomizer@530aaa86 key = [org.springframework.boot.test.autoconfigure.jdbc.TestDatabaseAutoConfiguration, org.springframework.boot.autoconfigure.jdbc.DataSourceAutoConfiguration, org.springframework.boot.autoconfigure.cache.CacheAutoConfiguration, org.springframework.boot.autoconfigure.flyway.FlywayAutoConfiguration, org.springframework.boot.autoconfigure.jdbc.DataSourceTransactionManagerAutoConfiguration, org.springframework.boot.autoconfigure.jdbc.JdbcTemplateAutoConfiguration, org.springframework.boot.autoconfigure.liquibase.LiquibaseAutoConfiguration, org.springframework.boot.autoconfigure.transaction.TransactionAutoConfiguration, org.springframework.boot.autoconfigure.sql.init.SqlInitializationAutoConfiguration, org.mybatis.spring.boot.autoconfigure.MybatisLanguageDriverAutoConfiguration, org.mybatis.spring.boot.autoconfigure.MybatisAutoConfiguration, io.spring.application.ArticleQueryService, io.spring.infrastructure.repository.MyBatisUserRepository, io.spring.infrastructure.repository.MyBatisArticleRepository, io.spring.infrastructure.repository.MyBatisArticleFavoriteRepository]], org.springframework.boot.test.context.filter.ExcludeFilterContextCustomizer@2a39fe6a, org.springframework.boot.test.json.DuplicateJsonObjectContextCustomizerFactory$DuplicateJsonObjectContextCustomizer@d5ae57e, org.springframework.boot.test.mock.mockito.MockitoContextCustomizer@0, org.springframework.boot.test.context.SpringBootTestArgs@1, org.springframework.boot.test.context.SpringBootTestWebEnvironment@0], contextLoader = 'org.springframework.boot.test.context.SpringBootContextLoader', parent = [null]], attributes = map['org.springframework.test.context.event.ApplicationEventsTestExecutionListener.recordApplicationEvents' -> false]]; transaction manager [org.springframework.jdbc.support.JdbcTransactionManager@3f6aaa7]; rollback [true]
2025-01-19 23:46:04.251 DEBUG 51142 --- [    Test worker] i.s.i.m.mapper.UserMapper.findById       : ==>  Preparing: select id, username, email, password, bio, image from users where id = ?
2025-01-19 23:46:04.251 DEBUG 51142 --- [    Test worker] i.s.i.m.mapper.UserMapper.findById       : ==> Parameters: 4f650da0-40f6-43af-998b-8478c60959cc(String)
2025-01-19 23:46:04.251 DEBUG 51142 --- [    Test worker] i.s.i.mybatis.mapper.UserMapper.insert   : ==>  Preparing: insert into users (id, username, email, password, bio, image) values( ?, ?, ?, ?, ?, ? )
2025-01-19 23:46:04.252 DEBUG 51142 --- [    Test worker] i.s.i.mybatis.mapper.UserMapper.insert   : ==> Parameters: 4f650da0-40f6-43af-998b-8478c60959cc(String), aisensiy(String), aisensiy@gmail.com(String), 123(String), (String), (String)
2025-01-19 23:46:04.252 DEBUG 51142 --- [    Test worker] i.s.i.mybatis.mapper.UserMapper.insert   : <==    Updates: 1
2025-01-19 23:46:04.252 DEBUG 51142 --- [    Test worker] i.s.i.m.mapper.ArticleMapper.findById    : ==>  Preparing: select A.id articleId, A.slug articleSlug, A.title articleTitle, A.description articleDescription, A.body articleBody, A.user_id articleUserId, A.created_at articleCreatedAt, A.updated_at articleUpdatedAt, T.id tagId, T.name tagName from articles A left join article_tags AT on A.id = AT.article_id left join tags T on T.id = AT.tag_id where A.id = ?
2025-01-19 23:46:04.252 DEBUG 51142 --- [    Test worker] i.s.i.m.mapper.ArticleMapper.findById    : ==> Parameters: 3b29a23c-9018-42d3-810b-06c8a2643cc1(String)
2025-01-19 23:46:04.252 DEBUG 51142 --- [    Test worker] i.s.i.m.mapper.ArticleMapper.findTag     : ==>  Preparing: select id, name from tags where name = ?
2025-01-19 23:46:04.252 DEBUG 51142 --- [    Test worker] i.s.i.m.mapper.ArticleMapper.findTag     : ==> Parameters: spring(String)
2025-01-19 23:46:04.253 DEBUG 51142 --- [    Test worker] i.s.i.m.mapper.ArticleMapper.insertTag   : ==>  Preparing: insert into tags (id, name) values (?, ?)
2025-01-19 23:46:04.253 DEBUG 51142 --- [    Test worker] i.s.i.m.mapper.ArticleMapper.insertTag   : ==> Parameters: 0ab1afcf-471e-4b6f-918d-3cb93f05fd3d(String), spring(String)
2025-01-19 23:46:04.253 DEBUG 51142 --- [    Test worker] i.s.i.m.mapper.ArticleMapper.insertTag   : <==    Updates: 1
2025-01-19 23:46:04.253 DEBUG 51142 --- [    Test worker] i.s.i.m.m.A.insertArticleTagRelation     : ==>  Preparing: insert into article_tags (article_id, tag_id) values(?, ?)
2025-01-19 23:46:04.253 DEBUG 51142 --- [    Test worker] i.s.i.m.m.A.insertArticleTagRelation     : ==> Parameters: 3b29a23c-9018-42d3-810b-06c8a2643cc1(String), 0ab1afcf-471e-4b6f-918d-3cb93f05fd3d(String)
2025-01-19 23:46:04.253 DEBUG 51142 --- [    Test worker] i.s.i.m.m.A.insertArticleTagRelation     : <==    Updates: 1
2025-01-19 23:46:04.253 DEBUG 51142 --- [    Test worker] i.s.i.m.mapper.ArticleMapper.findTag     : ==>  Preparing: select id, name from tags where name = ?
2025-01-19 23:46:04.253 DEBUG 51142 --- [    Test worker] i.s.i.m.mapper.ArticleMapper.findTag     : ==> Parameters: java(String)
2025-01-19 23:46:04.253 DEBUG 51142 --- [    Test worker] i.s.i.m.mapper.ArticleMapper.insertTag   : ==>  Preparing: insert into tags (id, name) values (?, ?)
2025-01-19 23:46:04.253 DEBUG 51142 --- [    Test worker] i.s.i.m.mapper.ArticleMapper.insertTag   : ==> Parameters: e2fbabcc-c4e1-46cc-986d-53e4da9a2510(String), java(String)
2025-01-19 23:46:04.253 DEBUG 51142 --- [    Test worker] i.s.i.m.mapper.ArticleMapper.insertTag   : <==    Updates: 1
2025-01-19 23:46:04.253 DEBUG 51142 --- [    Test worker] i.s.i.m.m.A.insertArticleTagRelation     : ==>  Preparing: insert into article_tags (article_id, tag_id) values(?, ?)
2025-01-19 23:46:04.253 DEBUG 51142 --- [    Test worker] i.s.i.m.m.A.insertArticleTagRelation     : ==> Parameters: 3b29a23c-9018-42d3-810b-06c8a2643cc1(String), e2fbabcc-c4e1-46cc-986d-53e4da9a2510(String)
2025-01-19 23:46:04.253 DEBUG 51142 --- [    Test worker] i.s.i.m.m.A.insertArticleTagRelation     : <==    Updates: 1
2025-01-19 23:46:04.253 DEBUG 51142 --- [    Test worker] i.s.i.m.mapper.ArticleMapper.insert      : ==>  Preparing: insert into articles(id, slug, title, description, body, user_id, created_at, updated_at) values( ?, ?, ?, ?, ?, ?, ?, ?)
2025-01-19 23:46:04.253 DEBUG 51142 --- [    Test worker] i.s.i.m.mapper.ArticleMapper.insert      : ==> Parameters: 3b29a23c-9018-42d3-810b-06c8a2643cc1(String), test(String), test(String), desc(String), body(String), 4f650da0-40f6-43af-998b-8478c60959cc(String), 2025-01-19 23:46:04.252(Timestamp), 2025-01-19 23:46:04.252(Timestamp)
2025-01-19 23:46:04.254 DEBUG 51142 --- [    Test worker] i.s.i.m.mapper.ArticleMapper.insert      : <==    Updates: 1
2025-01-19 23:46:04.254 DEBUG 51142 --- [    Test worker] i.s.i.m.mapper.ArticleMapper.findById    : ==>  Preparing: select A.id articleId, A.slug articleSlug, A.title articleTitle, A.description articleDescription, A.body articleBody, A.user_id articleUserId, A.created_at articleCreatedAt, A.updated_at articleUpdatedAt, T.id tagId, T.name tagName from articles A left join article_tags AT on A.id = AT.article_id left join tags T on T.id = AT.tag_id where A.id = ?
2025-01-19 23:46:04.254 DEBUG 51142 --- [    Test worker] i.s.i.m.mapper.ArticleMapper.findById    : ==> Parameters: 6716b26f-a119-439c-a633-86bafd308037(String)
2025-01-19 23:46:04.254 DEBUG 51142 --- [    Test worker] i.s.i.m.mapper.ArticleMapper.findTag     : ==>  Preparing: select id, name from tags where name = ?
2025-01-19 23:46:04.254 DEBUG 51142 --- [    Test worker] i.s.i.m.mapper.ArticleMapper.findTag     : ==> Parameters: test(String)
2025-01-19 23:46:04.255 DEBUG 51142 --- [    Test worker] i.s.i.m.mapper.ArticleMapper.insertTag   : ==>  Preparing: insert into tags (id, name) values (?, ?)
2025-01-19 23:46:04.255 DEBUG 51142 --- [    Test worker] i.s.i.m.mapper.ArticleMapper.insertTag   : ==> Parameters: 4d068f4d-4cf2-4af9-8cf4-aaa4908be6d6(String), test(String)
2025-01-19 23:46:04.255 DEBUG 51142 --- [    Test worker] i.s.i.m.mapper.ArticleMapper.insertTag   : <==    Updates: 1
2025-01-19 23:46:04.255 DEBUG 51142 --- [    Test worker] i.s.i.m.m.A.insertArticleTagRelation     : ==>  Preparing: insert into article_tags (article_id, tag_id) values(?, ?)
2025-01-19 23:46:04.255 DEBUG 51142 --- [    Test worker] i.s.i.m.m.A.insertArticleTagRelation     : ==> Parameters: 6716b26f-a119-439c-a633-86bafd308037(String), 4d068f4d-4cf2-4af9-8cf4-aaa4908be6d6(String)
2025-01-19 23:46:04.255 DEBUG 51142 --- [    Test worker] i.s.i.m.m.A.insertArticleTagRelation     : <==    Updates: 1
2025-01-19 23:46:04.255 DEBUG 51142 --- [    Test worker] i.s.i.m.mapper.ArticleMapper.insert      : ==>  Preparing: insert into articles(id, slug, title, description, body, user_id, created_at, updated_at) values( ?, ?, ?, ?, ?, ?, ?, ?)
2025-01-19 23:46:04.255 DEBUG 51142 --- [    Test worker] i.s.i.m.mapper.ArticleMapper.insert      : ==> Parameters: 6716b26f-a119-439c-a633-86bafd308037(String), new-article(String), new article(String), desc(String), body(String), 4f650da0-40f6-43af-998b-8478c60959cc(String), 2025-01-19 22:46:04.254(Timestamp), 2025-01-19 22:46:04.254(Timestamp)
2025-01-19 23:46:04.255 DEBUG 51142 --- [    Test worker] i.s.i.m.mapper.ArticleMapper.insert      : <==    Updates: 1
2025-01-19 23:46:04.266 DEBUG 51142 --- [    Test worker] i.s.i.m.r.A.findArticlesWithCursor       : ==>  Preparing: select DISTINCT(A.id) articleId, A.created_at from articles A left join article_tags AT on A.id = AT.article_id left join tags T on T.id = AT.tag_id left join article_favorites AF on AF.article_id = A.id left join users AU on AU.id = A.user_id left join users AFU on AFU.id = AF.user_id order by A.created_at desc limit ?
2025-01-19 23:46:04.266 DEBUG 51142 --- [    Test worker] i.s.i.m.r.A.findArticlesWithCursor       : ==> Parameters: 21(Integer)
2025-01-19 23:46:04.266 DEBUG 51142 --- [    Test worker] i.s.i.m.r.A.findArticlesWithCursor       : <==      Total: 2
2025-01-19 23:46:04.267 DEBUG 51142 --- [    Test worker] i.s.i.m.r.A.findArticles                 : ==>  Preparing: select A.id articleId, A.slug articleSlug, A.title articleTitle, A.description articleDescription, A.body articleBody, A.created_at articleCreatedAt, A.updated_at articleUpdatedAt, T.name tagName, U.id userId, U.username userUsername, U.bio userBio, U.image userImage from articles A left join article_tags AT on A.id = AT.article_id left join tags T on T.id = AT.tag_id left join users U on U.id = A.user_id where A.id in ( ? , ? ) order by A.created_at desc
2025-01-19 23:46:04.267 DEBUG 51142 --- [    Test worker] i.s.i.m.r.A.findArticles                 : ==> Parameters: 3b29a23c-9018-42d3-810b-06c8a2643cc1(String), 6716b26f-a119-439c-a633-86bafd308037(String)
2025-01-19 23:46:04.268 DEBUG 51142 --- [    Test worker] i.s.i.m.r.A.findArticles                 : <==      Total: 3
2025-01-19 23:46:04.269 DEBUG 51142 --- [    Test worker] i.s.i.m.r.A.findArticlesWithCursor       : ==>  Preparing: select DISTINCT(A.id) articleId, A.created_at from articles A left join article_tags AT on A.id = AT.article_id left join tags T on T.id = AT.tag_id left join article_favorites AF on AF.article_id = A.id left join users AU on AU.id = A.user_id left join users AFU on AFU.id = AF.user_id WHERE A.created_at < ? order by A.created_at desc limit ?
2025-01-19 23:46:04.270 DEBUG 51142 --- [    Test worker] i.s.i.m.r.A.findArticlesWithCursor       : ==> Parameters: 2025-01-19 22:46:04.254(Timestamp), 21(Integer)
2025-01-19 23:46:04.271 DEBUG 51142 --- [    Test worker] i.s.i.m.r.A.findArticlesWithCursor       : ==>  Preparing: select DISTINCT(A.id) articleId, A.created_at from articles A left join article_tags AT on A.id = AT.article_id left join tags T on T.id = AT.tag_id left join article_favorites AF on AF.article_id = A.id left join users AU on AU.id = A.user_id left join users AFU on AFU.id = AF.user_id order by A.created_at asc limit ?
2025-01-19 23:46:04.271 DEBUG 51142 --- [    Test worker] i.s.i.m.r.A.findArticlesWithCursor       : ==> Parameters: 21(Integer)
2025-01-19 23:46:04.271 DEBUG 51142 --- [    Test worker] i.s.i.m.r.A.findArticlesWithCursor       : <==      Total: 2
2025-01-19 23:46:04.274  INFO 51142 --- [    Test worker] o.s.t.c.transaction.TransactionContext   : Rolled back transaction for test: [DefaultTestContext@c1b96e6 testClass = ArticleQueryServiceTest, testInstance = io.spring.application.article.ArticleQueryServiceTest@3030edcc, testMethod = should_get_default_article_list_by_cursor@ArticleQueryServiceTest, testException = [null], mergedContextConfiguration = [MergedContextConfiguration@31df0ce3 testClass = ArticleQueryServiceTest, locations = '{}', classes = '{class io.spring.RealWorldApplication}', contextInitializerClasses = '[]', activeProfiles = '{test}', propertySourceLocations = '{}', propertySourceProperties = '{org.mybatis.spring.boot.test.autoconfigure.MybatisTestContextBootstrapper=true}', contextCustomizers = set[org.springframework.boot.test.autoconfigure.OverrideAutoConfigurationContextCustomizerFactory$DisableAutoConfigurationContextCustomizer@1ed0128b, org.springframework.boot.test.autoconfigure.actuate.metrics.MetricsExportContextCustomizerFactory$DisableMetricExportContextCustomizer@62e70ea3, org.springframework.boot.test.autoconfigure.filter.TypeExcludeFiltersContextCustomizer@351584c0, org.springframework.boot.test.autoconfigure.properties.PropertyMappingContextCustomizer@d158b0f5, org.springframework.boot.test.autoconfigure.web.servlet.WebDriverContextCustomizerFactory$Customizer@180e6ac4, [ImportsContextCustomizer@530aaa86 key = [org.springframework.boot.test.autoconfigure.jdbc.TestDatabaseAutoConfiguration, org.springframework.boot.autoconfigure.jdbc.DataSourceAutoConfiguration, org.springframework.boot.autoconfigure.cache.CacheAutoConfiguration, org.springframework.boot.autoconfigure.flyway.FlywayAutoConfiguration, org.springframework.boot.autoconfigure.jdbc.DataSourceTransactionManagerAutoConfiguration, org.springframework.boot.autoconfigure.jdbc.JdbcTemplateAutoConfiguration, org.springframework.boot.autoconfigure.liquibase.LiquibaseAutoConfiguration, org.springframework.boot.autoconfigure.transaction.TransactionAutoConfiguration, org.springframework.boot.autoconfigure.sql.init.SqlInitializationAutoConfiguration, org.mybatis.spring.boot.autoconfigure.MybatisLanguageDriverAutoConfiguration, org.mybatis.spring.boot.autoconfigure.MybatisAutoConfiguration, io.spring.application.ArticleQueryService, io.spring.infrastructure.repository.MyBatisUserRepository, io.spring.infrastructure.repository.MyBatisArticleRepository, io.spring.infrastructure.repository.MyBatisArticleFavoriteRepository]], org.springframework.boot.test.context.filter.ExcludeFilterContextCustomizer@2a39fe6a, org.springframework.boot.test.json.DuplicateJsonObjectContextCustomizerFactory$DuplicateJsonObjectContextCustomizer@d5ae57e, org.springframework.boot.test.mock.mockito.MockitoContextCustomizer@0, org.springframework.boot.test.context.SpringBootTestArgs@1, org.springframework.boot.test.context.SpringBootTestWebEnvironment@0], contextLoader = 'org.springframework.boot.test.context.SpringBootContextLoader', parent = [null]], attributes = map['org.springframework.test.context.event.ApplicationEventsTestExecutionListener.recordApplicationEvents' -> false]]
]]></system-out>
  <system-err><![CDATA[]]></system-err>
</testsuite>
